2025-06-10 18:27:38 INFO  :326 - Start Clicking on (Login Button)
2025-06-10 18:27:39 INFO  :331 - ( //button[@id='loginbtn'] )
2025-06-10 18:27:39 INFO  :333 - Clicked on (Login Button)
2025-06-10 18:27:39 INFO  :326 - Start Clicking on (UHID Radio Button)
2025-06-10 18:27:40 INFO  :331 - ( //input[@id='radio2'] )
2025-06-10 18:27:40 INFO  :333 - Clicked on (UHID Radio Button)
2025-06-10 18:27:40 INFO  :362 - Start Entering...
2025-06-10 18:27:40 INFO  :364 - //input[@id='txtUhid']: Input Data : (ISIC.100)
2025-06-10 18:27:41 INFO  :370 - End Entering...
2025-06-10 18:27:42 INFO  :362 - Start Entering...
2025-06-10 18:27:42 INFO  :364 - //input[@id='txtPassword']: Input Data : (123)
2025-06-10 18:27:43 INFO  :370 - End Entering...
2025-06-10 18:27:43 INFO  :326 - Start Clicking on (Login Button)
2025-06-10 18:27:46 INFO  :331 - ( //button[@id='btn_login'] )
2025-06-10 18:27:46 INFO  :333 - Clicked on (Login Button)
2025-06-10 18:27:47 INFO  :303 - Clicked on (Close Skip button.)
2025-06-10 18:27:51 INFO  :303 - Clicked on (Click on side icon vital and tracker)
2025-06-10 18:27:52 INFO  :303 - Clicked on (Click on edite button vital and tracker.)
2025-06-10 18:28:32 INFO  :303 - Clicked on (Click and conform you, sure ok button.....)
2025-06-10 18:28:34 INFO  :303 - Clicked on (Click save button.)
2025-06-10 18:28:36 INFO  :303 - Clicked on (Close conform pop.......)
