2025-06-10 19:19:34 INFO  :326 - Start Clicking on (Login Button)
2025-06-10 19:19:35 INFO  :331 - ( //button[@id='loginbtn'] )
2025-06-10 19:19:35 INFO  :333 - Clicked on (Login Button)
2025-06-10 19:19:35 INFO  :326 - Start Clicking on (UHID Radio Button)
2025-06-10 19:19:35 INFO  :331 - ( //input[@id='radio2'] )
2025-06-10 19:19:35 INFO  :333 - Clicked on (UHID Radio Button)
2025-06-10 19:19:36 INFO  :362 - Start Entering...
2025-06-10 19:19:36 INFO  :364 - //input[@id='txtUhid']: Input Data : (ISIC.100)
2025-06-10 19:19:36 INFO  :370 - End Entering...
2025-06-10 19:19:37 INFO  :362 - Start Entering...
2025-06-10 19:19:37 INFO  :364 - //input[@id='txtPassword']: Input Data : (123)
2025-06-10 19:19:37 INFO  :370 - End Entering...
2025-06-10 19:19:37 INFO  :326 - Start Clicking on (Login Button)
2025-06-10 19:19:39 INFO  :331 - ( //button[@id='btn_login'] )
2025-06-10 19:19:39 INFO  :333 - Clicked on (Login Button)
2025-06-10 19:19:40 INFO  :303 - Clicked on (Skip Button)
2025-06-10 19:19:43 INFO  :303 - Clicked on (Click On Side Icon Manage Family Member)
2025-06-10 19:19:47 INFO  :303 - Clicked on (Click add New Family Member Buttom)
2025-06-10 19:19:51 INFO  :303 - Clicked on (Click on add profile pop)
2025-06-10 19:19:55 INFO  :303 - Clicked on (Click On Radio Button In UHID)
