2025-05-30 16:39:48 INFO  :326 - Start Clicking on (Login Button)
2025-05-30 16:39:48 INFO  :331 - ( //button[@id='loginbtn'] )
2025-05-30 16:39:48 INFO  :333 - Clicked on (Login Button)
2025-05-30 16:39:48 INFO  :326 - Start Clicking on (UHID Radio Button)
2025-05-30 16:39:49 INFO  :331 - ( //input[@id='radio2'] )
2025-05-30 16:39:49 INFO  :333 - Clicked on (UHID Radio Button)
2025-05-30 16:39:49 INFO  :362 - Start Entering...
2025-05-30 16:39:49 INFO  :364 - //input[@id='txtUhid']: Input Data : (ISIC.100)
2025-05-30 16:39:50 INFO  :370 - End Entering...
2025-05-30 16:39:50 INFO  :362 - Start Entering...
2025-05-30 16:39:50 INFO  :364 - //input[@id='txtPassword']: Input Data : (123)
2025-05-30 16:39:51 INFO  :370 - End Entering...
2025-05-30 16:39:51 INFO  :326 - Start Clicking on (Login Button)
2025-05-30 16:39:53 INFO  :331 - ( //button[@id='btn_login'] )
2025-05-30 16:39:53 INFO  :333 - Clicked on (Login Button)
2025-05-30 16:39:54 INFO  :303 - Clicked on (Click all notification skip button)
2025-05-30 16:40:02 INFO  :303 - Clicked on (Click on side iocn external document button )
2025-05-30 16:40:06 INFO  :303 - Clicked on (Click and open new document pop.)
2025-05-30 16:40:17 INFO  :303 - Clicked on (Fille uploaded)
2025-05-30 16:40:24 INFO  :303 - Clicked on (Click on view page.)
2025-05-30 16:40:30 INFO  :303 - Clicked on (Click on Download page)
