2025-06-10 15:05:08 INFO  :326 - Start Clicking on (Login Button)
2025-06-10 15:05:09 INFO  :331 - ( //button[@id='loginbtn'] )
2025-06-10 15:05:09 INFO  :333 - Clicked on (Login Button)
2025-06-10 15:05:09 INFO  :326 - Start Clicking on (UHID Radio Button)
2025-06-10 15:05:10 INFO  :331 - ( //input[@id='radio2'] )
2025-06-10 15:05:10 INFO  :333 - Clicked on (UHID Radio Button)
2025-06-10 15:05:10 INFO  :362 - Start Entering...
2025-06-10 15:05:10 INFO  :364 - //input[@id='txtUhid']: Input Data : (ISIC.100)
2025-06-10 15:05:11 INFO  :370 - End Entering...
2025-06-10 15:05:11 INFO  :362 - Start Entering...
2025-06-10 15:05:11 INFO  :364 - //input[@id='txtPassword']: Input Data : (123)
2025-06-10 15:05:12 INFO  :370 - End Entering...
2025-06-10 15:05:12 INFO  :326 - Start Clicking on (Login Button)
2025-06-10 15:05:14 INFO  :331 - ( //button[@id='btn_login'] )
2025-06-10 15:05:14 INFO  :333 - Clicked on (Login Button)
2025-06-10 15:05:15 INFO  :303 - Clicked on (Click on skip button.....)
2025-06-10 15:05:17 INFO  :303 - Clicked on (Login and logout go to pre_registration page......)
2025-06-10 15:05:19 INFO  :303 - Clicked on (Login and logout go to pre_registration page......)
2025-06-10 15:05:20 INFO  :303 - Clicked on (Click on pre_registration....)
2025-06-10 15:05:21 INFO  :303 - Clicked on (Verify mobile buttun)
2025-06-10 15:05:30 INFO  :303 - Clicked on (Read And submit moblie otp password)
2025-06-10 15:05:34 INFO  :303 - Clicked on (Vrify emailid button...)
2025-06-10 15:05:39 INFO  :303 - Clicked on (Read and submit emailid otp password)
2025-06-10 15:06:23 INFO  :303 - Clicked on (//button[@id='btnProceed'])
2025-06-10 15:06:25 INFO  :303 - Clicked on (Register Successfully)
