2025-06-02 00:54:57 INFO  :326 - Start Clicking on (Login Button)
2025-06-02 00:54:57 INFO  :331 - ( //button[@id='loginbtn'] )
2025-06-02 00:54:57 INFO  :333 - Clicked on (Login Button)
2025-06-02 00:54:57 INFO  :326 - Start Clicking on (UHID Radio Button)
2025-06-02 00:54:58 INFO  :331 - ( //input[@id='radio2'] )
2025-06-02 00:54:58 INFO  :333 - Clicked on (UHID Radio Button)
2025-06-02 00:54:58 INFO  :362 - Start Entering...
2025-06-02 00:54:58 INFO  :364 - //input[@id='txtUhid']: Input Data : (ISIC.100)
2025-06-02 00:54:59 INFO  :370 - End Entering...
2025-06-02 00:54:59 INFO  :362 - Start Entering...
2025-06-02 00:54:59 INFO  :364 - //input[@id='txtPassword']: Input Data : (123)
2025-06-02 00:55:00 INFO  :370 - End Entering...
2025-06-02 00:55:00 INFO  :326 - Start Clicking on (Login Button)
2025-06-02 00:55:02 INFO  :331 - ( //button[@id='btn_login'] )
2025-06-02 00:55:02 INFO  :333 - Clicked on (Login Button)
2025-06-02 00:55:03 INFO  :303 - Clicked on (Skip Button)
2025-06-02 00:55:05 INFO  :303 - Clicked on (Click On Side Icon Manage Family Member)
2025-06-02 00:55:09 INFO  :303 - Clicked on (Click add New Family Member Buttom)
2025-06-02 00:55:13 INFO  :303 - Clicked on (Click on add profile pop)
2025-06-02 00:55:17 INFO  :362 - Start Entering...
2025-06-02 00:55:17 INFO  :364 - //input[@id='phoneNumberField']: Input Data : (9876543210)
2025-06-02 00:55:18 INFO  :370 - End Entering...
2025-06-02 00:55:21 INFO  :303 - Clicked on (Click On OTP Button)
