2025-06-02 15:34:55 INFO  :326 - Start Clicking on (Login Button)
2025-06-02 15:34:55 INFO  :331 - ( //button[@id='loginbtn'] )
2025-06-02 15:34:55 INFO  :333 - Clicked on (Login Button)
2025-06-02 15:34:55 INFO  :326 - Start Clicking on (UHID Radio Button)
2025-06-02 15:34:56 INFO  :331 - ( //input[@id='radio2'] )
2025-06-02 15:34:56 INFO  :333 - Clicked on (UHID Radio Button)
2025-06-02 15:34:56 INFO  :362 - Start Entering...
2025-06-02 15:34:56 INFO  :364 - //input[@id='txtUhid']: Input Data : (ISIC.100)
2025-06-02 15:34:57 INFO  :370 - End Entering...
2025-06-02 15:34:58 INFO  :362 - Start Entering...
2025-06-02 15:34:58 INFO  :364 - //input[@id='txtPassword']: Input Data : (123)
2025-06-02 15:34:58 INFO  :370 - End Entering...
2025-06-02 15:34:58 INFO  :326 - Start Clicking on (Login Button)
2025-06-02 15:35:01 INFO  :331 - ( //button[@id='btn_login'] )
2025-06-02 15:35:01 INFO  :333 - Clicked on (Login Button)
2025-06-02 15:35:01 INFO  :303 - Clicked on (Close Skip button.)
2025-06-02 15:35:05 INFO  :303 - Clicked on (Click on side icon vital and tracker)
2025-06-02 15:35:06 INFO  :303 - Clicked on (Click on edite button vital and tracker.)
2025-06-02 15:35:44 INFO  :303 - Clicked on (Click and conform you, sure ok button.....)
2025-06-02 15:35:45 INFO  :303 - Clicked on (Click save button.)
2025-06-02 15:35:46 INFO  :303 - Clicked on (Close conform pop.......)
