2025-05-30 14:14:35 INFO  :326 - Start Clicking on (Login Button)
2025-05-30 14:14:36 INFO  :331 - ( //button[@id='loginbtn'] )
2025-05-30 14:14:36 INFO  :333 - Clicked on (Login Button)
2025-05-30 14:14:36 INFO  :326 - Start Clicking on (UHID Radio Button)
2025-05-30 14:14:36 INFO  :331 - ( //input[@id='radio2'] )
2025-05-30 14:14:36 INFO  :333 - Clicked on (UHID Radio Button)
2025-05-30 14:14:37 INFO  :362 - Start Entering...
2025-05-30 14:14:37 INFO  :364 - //input[@id='txtUhid']: Input Data : (ISIC.100)
2025-05-30 14:14:37 INFO  :370 - End Entering...
2025-05-30 14:14:38 INFO  :362 - Start Entering...
2025-05-30 14:14:38 INFO  :364 - //input[@id='txtPassword']: Input Data : (123)
2025-05-30 14:14:38 INFO  :370 - End Entering...
2025-05-30 14:14:38 INFO  :326 - Start Clicking on (Login Button)
2025-05-30 14:14:40 INFO  :331 - ( //button[@id='btn_login'] )
2025-05-30 14:14:40 INFO  :333 - Clicked on (Login Button)
2025-05-30 14:14:41 INFO  :303 - Clicked on (Skip Button)
2025-05-30 14:14:43 INFO  :303 - Clicked on (Click On Side Icon Manage Family Member)
2025-05-30 14:14:47 INFO  :303 - Clicked on (Click add New Family Member Buttom)
2025-05-30 14:14:51 INFO  :303 - Clicked on (Click on add profile pop)
2025-05-30 14:14:55 INFO  :362 - Start Entering...
2025-05-30 14:14:55 INFO  :364 - //input[@id='phoneNumberField']: Input Data : (9876543210)
2025-05-30 14:14:56 INFO  :370 - End Entering...
2025-05-30 14:14:59 INFO  :303 - Clicked on (Click On OTP Button)
2025-05-30 14:15:07 INFO  :303 - Clicked on (otpSubmit)
