2025-05-30 17:49:07 INFO  :326 - Start Clicking on (Login Button)
2025-05-30 17:49:08 INFO  :331 - ( //button[@id='loginbtn'] )
2025-05-30 17:49:08 INFO  :333 - Clicked on (Login Button)
2025-05-30 17:49:08 INFO  :326 - Start Clicking on (UHID Radio Button)
2025-05-30 17:49:09 INFO  :331 - ( //input[@id='radio2'] )
2025-05-30 17:49:09 INFO  :333 - Clicked on (UHID Radio Button)
2025-05-30 17:49:09 INFO  :362 - Start Entering...
2025-05-30 17:49:09 INFO  :364 - //input[@id='txtUhid']: Input Data : (ISIC.100)
2025-05-30 17:49:10 INFO  :370 - End Entering...
2025-05-30 17:49:10 INFO  :362 - Start Entering...
2025-05-30 17:49:10 INFO  :364 - //input[@id='txtPassword']: Input Data : (123)
2025-05-30 17:49:11 INFO  :370 - End Entering...
2025-05-30 17:49:11 INFO  :326 - Start Clicking on (Login Button)
2025-05-30 17:49:14 INFO  :331 - ( //button[@id='btn_login'] )
2025-05-30 17:49:14 INFO  :333 - Clicked on (Login Button)
2025-05-30 17:49:15 INFO  :303 - Clicked on (Skip Button)
2025-05-30 17:49:18 INFO  :303 - Clicked on (Click On Side Icon Manage Family Member)
2025-05-30 17:49:22 INFO  :303 - Clicked on (Click add New Family Member Buttom)
2025-05-30 17:49:26 INFO  :303 - Clicked on (Click on add profile pop)
2025-05-30 17:49:29 INFO  :362 - Start Entering...
2025-05-30 17:49:29 INFO  :364 - //input[@id='phoneNumberField']: Input Data : (9876543210)
2025-05-30 17:49:30 INFO  :370 - End Entering...
2025-05-30 17:49:34 INFO  :303 - Clicked on (Click On OTP Button)
2025-05-30 17:49:44 INFO  :303 - Clicked on (otpSubmit)
2025-05-30 17:49:48 INFO  :303 - Clicked on (Add on Exiting family member successfully message........)
