2025-06-02 13:34:51 INFO  :326 - Start Clicking on (Login Button)
2025-06-02 13:34:52 INFO  :331 - ( //button[@id='loginbtn'] )
2025-06-02 13:34:52 INFO  :333 - Clicked on (Login Button)
2025-06-02 13:34:52 INFO  :326 - Start Clicking on (UHID Radio Button)
2025-06-02 13:34:52 INFO  :331 - ( //input[@id='radio2'] )
2025-06-02 13:34:52 INFO  :333 - Clicked on (UHID Radio Button)
2025-06-02 13:34:53 INFO  :362 - Start Entering...
2025-06-02 13:34:53 INFO  :364 - //input[@id='txtUhid']: Input Data : (ISIC.100)
2025-06-02 13:34:53 INFO  :370 - End Entering...
2025-06-02 13:34:54 INFO  :362 - Start Entering...
2025-06-02 13:34:54 INFO  :364 - //input[@id='txtPassword']: Input Data : (123)
2025-06-02 13:34:54 INFO  :370 - End Entering...
2025-06-02 13:34:54 INFO  :326 - Start Clicking on (Login Button)
2025-06-02 13:34:55 INFO  :331 - ( //button[@id='btn_login'] )
2025-06-02 13:34:55 INFO  :333 - Clicked on (Login Button)
2025-06-02 13:34:57 INFO  :303 - Clicked on (Skip Button)
2025-06-02 13:34:59 INFO  :303 - Clicked on (Click On Side Icon Manage Family Member)
2025-06-02 13:35:03 INFO  :303 - Clicked on (Click add New Family Member Buttom)
2025-06-02 13:35:07 INFO  :303 - Clicked on (Click on add profile pop)
2025-06-02 13:35:15 INFO  :362 - Start Entering...
2025-06-02 13:35:15 INFO  :364 - //input[@id='phoneNumberField']: Input Data : (9876543210)
2025-06-02 13:35:15 INFO  :370 - End Entering...
2025-06-02 13:35:19 INFO  :303 - Clicked on (Click on Otp button....)
2025-06-02 13:35:29 INFO  :303 - Clicked on (Read And submit moblie otp password)
2025-06-02 13:35:30 INFO  :303 - Clicked on (Add on Exiting family member successfully message........)
