2025-06-04 10:41:34 INFO  :326 - Start Clicking on (Login Button)
2025-06-04 10:41:34 INFO  :331 - ( //button[@id='loginbtn'] )
2025-06-04 10:41:34 INFO  :333 - Clicked on (Login Button)
2025-06-04 10:41:34 INFO  :326 - Start Clicking on (UHID Radio Button)
2025-06-04 10:41:34 INFO  :331 - ( //input[@id='radio2'] )
2025-06-04 10:41:34 INFO  :333 - Clicked on (UHID Radio Button)
2025-06-04 10:41:35 INFO  :362 - Start Entering...
2025-06-04 10:41:35 INFO  :364 - //input[@id='txtUhid']: Input Data : (ISIC.100)
2025-06-04 10:41:35 INFO  :370 - End Entering...
2025-06-04 10:41:36 INFO  :362 - Start Entering...
2025-06-04 10:41:36 INFO  :364 - //input[@id='txtPassword']: Input Data : (123)
2025-06-04 10:41:36 INFO  :370 - End Entering...
2025-06-04 10:41:36 INFO  :326 - Start Clicking on (Login Button)
2025-06-04 10:41:38 INFO  :331 - ( //button[@id='btn_login'] )
2025-06-04 10:41:38 INFO  :333 - Clicked on (Login Button)
2025-06-04 10:41:40 INFO  :303 - Clicked on (Login Pre_RegistrationNo.......)
2025-06-04 10:41:40 INFO  :326 - Start Clicking on (Click Radio Button)
2025-06-04 10:41:41 INFO  :331 - ( //input[@id='radio2'] )
2025-06-04 10:41:41 INFO  :333 - Clicked on (Click Radio Button)
2025-06-04 10:41:44 INFO  :303 - Clicked on (Click on login with OTP ......)
2025-06-04 10:41:45 INFO  :303 - Clicked on (Click On Radio Button....)
2025-06-04 10:41:49 INFO  :303 - Clicked on (Click On Send OTP.......)
2025-06-04 10:41:58 INFO  :303 - Clicked on (Click on submit otp....)
