2025-06-02 00:37:57 INFO  :326 - Start Clicking on (Login Button)
2025-06-02 00:37:58 INFO  :331 - ( //button[@id='loginbtn'] )
2025-06-02 00:37:58 INFO  :333 - Clicked on (Login Button)
2025-06-02 00:37:58 INFO  :326 - Start Clicking on (UHID Radio Button)
2025-06-02 00:37:58 INFO  :331 - ( //input[@id='radio2'] )
2025-06-02 00:37:58 INFO  :333 - Clicked on (UHID Radio Button)
2025-06-02 00:37:59 INFO  :362 - Start Entering...
2025-06-02 00:37:59 INFO  :364 - //input[@id='txtUhid']: Input Data : (ISIC.100)
2025-06-02 00:37:59 INFO  :370 - End Entering...
2025-06-02 00:38:00 INFO  :362 - Start Entering...
2025-06-02 00:38:00 INFO  :364 - //input[@id='txtPassword']: Input Data : (123)
2025-06-02 00:38:00 INFO  :370 - End Entering...
2025-06-02 00:38:00 INFO  :326 - Start Clicking on (Login Button)
2025-06-02 00:38:01 INFO  :331 - ( //button[@id='btn_login'] )
2025-06-02 00:38:01 INFO  :333 - Clicked on (Login Button)
2025-06-02 00:38:03 INFO  :303 - Clicked on (Skip Button)
2025-06-02 00:38:06 INFO  :303 - Clicked on (Click On Side Icon Manage Family Member)
2025-06-02 00:38:10 INFO  :303 - Clicked on (Click add New Family Member Buttom)
2025-06-02 00:38:14 INFO  :303 - Clicked on (Click on add profile pop)
2025-06-02 00:38:18 INFO  :362 - Start Entering...
2025-06-02 00:38:18 INFO  :364 - //input[@id='phoneNumberField']: Input Data : (9876543210)
2025-06-02 00:38:19 INFO  :370 - End Entering...
2025-06-02 00:38:22 INFO  :303 - Clicked on (Click On OTP Button)
2025-06-02 00:38:35 INFO  :303 - Clicked on (otpSubmit)
