2025-06-04 10:19:42 INFO  :326 - Start Clicking on (Login Button)
2025-06-04 10:19:43 INFO  :331 - ( //button[@id='loginbtn'] )
2025-06-04 10:19:43 INFO  :333 - Clicked on (Login Button)
2025-06-04 10:19:43 INFO  :326 - Start Clicking on (UHID Radio Button)
2025-06-04 10:19:43 INFO  :331 - ( //input[@id='radio2'] )
2025-06-04 10:19:43 INFO  :333 - Clicked on (UHID Radio Button)
2025-06-04 10:19:43 INFO  :362 - Start Entering...
2025-06-04 10:19:43 INFO  :364 - //input[@id='txtUhid']: Input Data : (ISIC.100)
2025-06-04 10:19:44 INFO  :370 - End Entering...
2025-06-04 10:19:44 INFO  :362 - Start Entering...
2025-06-04 10:19:44 INFO  :364 - //input[@id='txtPassword']: Input Data : (123)
2025-06-04 10:19:45 INFO  :370 - End Entering...
2025-06-04 10:19:45 INFO  :326 - Start Clicking on (Login Button)
2025-06-04 10:19:45 INFO  :331 - ( //button[@id='btn_login'] )
2025-06-04 10:19:45 INFO  :333 - Clicked on (Login Button)
2025-06-04 10:19:49 INFO  :303 - Clicked on (Login Pre_RegistrationNo.......)
2025-06-04 10:19:50 INFO  :326 - Start Clicking on (Click Radio Button)
2025-06-04 10:19:50 INFO  :331 - ( //input[@id='radio2'] )
2025-06-04 10:19:50 INFO  :333 - Clicked on (Click Radio Button)
2025-06-04 10:19:53 INFO  :303 - Clicked on (Click on login with OTP ......)
2025-06-04 10:19:54 INFO  :303 - Clicked on (Click On Radio Button....)
2025-06-04 10:19:58 INFO  :303 - Clicked on (Click On Send OTP.......)
2025-06-04 10:20:09 INFO  :303 - Clicked on (Click on submit otp....)
