2025-05-30 14:35:22 INFO  :326 - Start Clicking on (Login Button)
2025-05-30 14:35:23 INFO  :331 - ( //button[@id='loginbtn'] )
2025-05-30 14:35:23 INFO  :333 - Clicked on (Login Button)
2025-05-30 14:35:23 INFO  :326 - Start Clicking on (UHID Radio Button)
2025-05-30 14:35:23 INFO  :331 - ( //input[@id='radio2'] )
2025-05-30 14:35:23 INFO  :333 - Clicked on (UHID Radio Button)
2025-05-30 14:35:24 INFO  :362 - Start Entering...
2025-05-30 14:35:24 INFO  :364 - //input[@id='txtUhid']: Input Data : (ISIC.100)
2025-05-30 14:35:24 INFO  :370 - End Entering...
2025-05-30 14:35:25 INFO  :362 - Start Entering...
2025-05-30 14:35:25 INFO  :364 - //input[@id='txtPassword']: Input Data : (123)
2025-05-30 14:35:25 INFO  :370 - End Entering...
2025-05-30 14:35:25 INFO  :326 - Start Clicking on (Login Button)
2025-05-30 14:35:28 INFO  :331 - ( //button[@id='btn_login'] )
2025-05-30 14:35:28 INFO  :333 - Clicked on (Login Button)
2025-05-30 14:35:29 INFO  :303 - Clicked on (Skip Button)
2025-05-30 14:35:32 INFO  :303 - Clicked on (Click On Side Icon Manage Family Member)
2025-05-30 14:35:36 INFO  :303 - Clicked on (Click add New Family Member Buttom)
2025-05-30 14:35:39 INFO  :303 - Clicked on (Click on add profile pop)
2025-05-30 14:35:43 INFO  :362 - Start Entering...
2025-05-30 14:35:43 INFO  :364 - //input[@id='phoneNumberField']: Input Data : (9876543210)
2025-05-30 14:35:44 INFO  :370 - End Entering...
2025-05-30 14:35:47 INFO  :303 - Clicked on (Click On OTP Button)
2025-05-30 14:35:57 INFO  :303 - Clicked on (otpSubmit)
