2025-05-30 11:12:54 INFO  :326 - Start Clicking on (Login Button)
2025-05-30 11:12:54 INFO  :331 - ( //button[@id='loginbtn'] )
2025-05-30 11:12:54 INFO  :333 - Clicked on (Login Button)
2025-05-30 11:12:54 INFO  :326 - Start Clicking on (UHID Radio Button)
2025-05-30 11:12:55 INFO  :331 - ( //input[@id='radio2'] )
2025-05-30 11:12:55 INFO  :333 - Clicked on (UHID Radio Button)
2025-05-30 11:12:55 INFO  :362 - Start Entering...
2025-05-30 11:12:55 INFO  :364 - //input[@id='txtUhid']: Input Data : (ISIC.100)
2025-05-30 11:12:56 INFO  :370 - End Entering...
2025-05-30 11:12:56 INFO  :362 - Start Entering...
2025-05-30 11:12:56 INFO  :364 - //input[@id='txtPassword']: Input Data : (123)
2025-05-30 11:12:56 INFO  :370 - End Entering...
2025-05-30 11:12:56 INFO  :326 - Start Clicking on (Login Button)
2025-05-30 11:12:57 INFO  :331 - ( //button[@id='btn_login'] )
2025-05-30 11:12:57 INFO  :333 - Clicked on (Login Button)
2025-05-30 11:12:59 INFO  :303 - Clicked on (Skip button)
2025-05-30 11:13:08 INFO  :303 - Clicked on (Click On Side Icon prescription button)
2025-05-30 11:13:14 INFO  :303 - Clicked on (View prescription page)
2025-05-30 11:13:20 INFO  :303 - Clicked on (prescription Download Successfuly)
2025-05-30 11:13:26 INFO  :303 - Clicked on (Download prescription close)
