2025-05-29 18:54:09 INFO  :324 - Start Clicking on (Login Button)
2025-05-29 18:54:10 INFO  :329 - ( //button[@id='loginbtn'] )
2025-05-29 18:54:10 INFO  :331 - Clicked on (Login Button)
2025-05-29 18:54:10 INFO  :324 - Start Clicking on (UHID Radio Button)
2025-05-29 18:54:10 INFO  :329 - ( //input[@id='radio2'] )
2025-05-29 18:54:10 INFO  :331 - Clicked on (UHID Radio Button)
2025-05-29 18:54:11 INFO  :360 - Start Entering...
2025-05-29 18:54:11 INFO  :362 - //input[@id='txtUhid']: Input Data : (ISIC.100)
2025-05-29 18:54:12 INFO  :368 - End Entering...
2025-05-29 18:54:12 INFO  :360 - Start Entering...
2025-05-29 18:54:12 INFO  :362 - //input[@id='txtPassword']: Input Data : (123)
2025-05-29 18:54:13 INFO  :368 - End Entering...
2025-05-29 18:54:13 INFO  :324 - Start Clicking on (Login Button)
2025-05-29 18:54:15 INFO  :329 - ( //button[@id='btn_login'] )
2025-05-29 18:54:15 INFO  :331 - Clicked on (Login Button)
2025-05-29 18:54:16 INFO  :301 - Clicked on (Skip button)
2025-05-29 18:54:23 INFO  :301 - Clicked on (Click On Side Icon prescription button)
2025-05-29 18:54:29 INFO  :301 - Clicked on (View prescription page)
2025-05-29 18:54:35 INFO  :301 - Clicked on (Download prescription page)
2025-05-29 18:54:41 INFO  :301 - Clicked on (Download prescription close)
