2025-11-04 12:21:58 INFO  :379 - Start Clicking on (Login Button)
2025-11-04 12:21:59 INFO  :384 - ( //button[@id='loginbtn'] )
2025-11-04 12:21:59 INFO  :386 - Clicked on (Login Button)
2025-11-04 12:21:59 INFO  :379 - Start Clicking on (UHID Radio Button)
2025-11-04 12:22:00 INFO  :384 - ( //input[@id='radio2'] )
2025-11-04 12:22:00 INFO  :386 - Clicked on (UHID Radio Button)
2025-11-04 12:22:00 INFO  :415 - Start Entering...
2025-11-04 12:22:00 INFO  :417 - //input[@id='txtUhid']: Input Data : (SAJH.1)
2025-11-04 12:22:01 INFO  :423 - End Entering...
2025-11-04 12:22:01 INFO  :415 - Start Entering...
2025-11-04 12:22:01 INFO  :417 - //input[@id='txtPassword']: Input Data : (123)
2025-11-04 12:22:02 INFO  :423 - End Entering...
2025-11-04 12:22:02 INFO  :379 - Start Clicking on (Login Button)
2025-11-04 12:22:05 INFO  :384 - ( //button[@id='btn_login'] )
2025-11-04 12:22:05 INFO  :386 - Clicked on (Login Button)
2025-11-04 12:22:06 INFO  :318 - Clicked on (Click on skip button.....)
2025-11-04 12:22:08 INFO  :318 - Clicked on (Click On Profile pic)
2025-11-04 12:22:11 INFO  :318 - Clicked on (Logout Button)
2025-11-04 12:22:13 INFO  :318 - Clicked on (Click on pre_registration....)
2025-11-04 12:22:14 INFO  :318 - Clicked on (Verify Mobile Number)
2025-11-04 12:22:25 INFO  :318 - Clicked on (Read And submit moblie otp password)
2025-11-04 12:22:29 INFO  :318 - Clicked on (Verify button EmailId)
2025-11-04 12:22:37 INFO  :318 - Clicked on (Read and submit emailid otp password)
2025-11-04 12:23:09 INFO  :318 - Clicked on (Click Check Box)
2025-11-04 12:23:11 INFO  :318 - Clicked on (Proceed Btn)
