2025-06-02 12:50:04 INFO  :326 - Start Clicking on (Login Button)
2025-06-02 12:50:05 INFO  :331 - ( //button[@id='loginbtn'] )
2025-06-02 12:50:05 INFO  :333 - Clicked on (Login Button)
2025-06-02 12:50:05 INFO  :326 - Start Clicking on (UHID Radio Button)
2025-06-02 12:50:05 INFO  :331 - ( //input[@id='radio2'] )
2025-06-02 12:50:05 INFO  :333 - Clicked on (UHID Radio Button)
2025-06-02 12:50:06 INFO  :362 - Start Entering...
2025-06-02 12:50:06 INFO  :364 - //input[@id='txtUhid']: Input Data : (ISIC.100)
2025-06-02 12:50:06 INFO  :370 - End Entering...
2025-06-02 12:50:07 INFO  :362 - Start Entering...
2025-06-02 12:50:07 INFO  :364 - //input[@id='txtPassword']: Input Data : (123)
2025-06-02 12:50:07 INFO  :370 - End Entering...
2025-06-02 12:50:07 INFO  :326 - Start Clicking on (Login Button)
2025-06-02 12:50:09 INFO  :331 - ( //button[@id='btn_login'] )
2025-06-02 12:50:09 INFO  :333 - Clicked on (Login Button)
2025-06-02 12:50:10 INFO  :303 - Clicked on (Skip Button)
2025-06-02 12:50:12 INFO  :303 - Clicked on (Click On Side Icon Manage Family Member)
2025-06-02 12:50:16 INFO  :303 - Clicked on (Click add New Family Member Buttom)
2025-06-02 12:50:20 INFO  :303 - Clicked on (Click on add profile pop)
2025-06-02 12:50:27 INFO  :362 - Start Entering...
2025-06-02 12:50:27 INFO  :364 - //input[@id='phoneNumberField']: Input Data : (9876543210)
2025-06-02 12:50:28 INFO  :370 - End Entering...
2025-06-02 12:50:28 INFO  :303 - Clicked on (Click on Otp button....)
