2025-06-10 15:07:36 INFO  :326 - Start Clicking on (Login Button)
2025-06-10 15:07:36 INFO  :331 - ( //button[@id='loginbtn'] )
2025-06-10 15:07:36 INFO  :333 - Clicked on (Login Button)
2025-06-10 15:07:36 INFO  :326 - Start Clicking on (UHID Radio Button)
2025-06-10 15:07:37 INFO  :331 - ( //input[@id='radio2'] )
2025-06-10 15:07:37 INFO  :333 - Clicked on (UHID Radio Button)
2025-06-10 15:07:37 INFO  :362 - Start Entering...
2025-06-10 15:07:37 INFO  :364 - //input[@id='txtUhid']: Input Data : (ISIC.100)
2025-06-10 15:07:38 INFO  :370 - End Entering...
2025-06-10 15:07:39 INFO  :362 - Start Entering...
2025-06-10 15:07:39 INFO  :364 - //input[@id='txtPassword']: Input Data : (123)
2025-06-10 15:07:39 INFO  :370 - End Entering...
2025-06-10 15:07:39 INFO  :326 - Start Clicking on (Login Button)
2025-06-10 15:07:42 INFO  :331 - ( //button[@id='btn_login'] )
2025-06-10 15:07:42 INFO  :333 - Clicked on (Login Button)
2025-06-10 15:07:42 INFO  :303 - Clicked on (Click on skip button.....)
2025-06-10 15:07:44 INFO  :303 - Clicked on (Login and logout go to pre_registration page......)
2025-06-10 15:07:46 INFO  :303 - Clicked on (Login and logout go to pre_registration page......)
2025-06-10 15:07:47 INFO  :303 - Clicked on (Click on pre_registration....)
2025-06-10 15:08:31 INFO  :303 - Clicked on (//button[@id='btnProceed'])
