2025-06-01 19:34:29 INFO  :326 - Start Clicking on (Login Button)
2025-06-01 19:34:29 INFO  :331 - ( //button[@id='loginbtn'] )
2025-06-01 19:34:29 INFO  :333 - Clicked on (Login Button)
2025-06-01 19:34:29 INFO  :326 - Start Clicking on (UHID Radio Button)
2025-06-01 19:34:30 INFO  :331 - ( //input[@id='radio2'] )
2025-06-01 19:34:30 INFO  :333 - Clicked on (UHID Radio Button)
2025-06-01 19:34:30 INFO  :362 - Start Entering...
2025-06-01 19:34:30 INFO  :364 - //input[@id='txtUhid']: Input Data : (ISIC.100)
2025-06-01 19:34:31 INFO  :370 - End Entering...
2025-06-01 19:34:31 INFO  :362 - Start Entering...
2025-06-01 19:34:31 INFO  :364 - //input[@id='txtPassword']: Input Data : (123)
2025-06-01 19:34:32 INFO  :370 - End Entering...
2025-06-01 19:34:32 INFO  :326 - Start Clicking on (Login Button)
2025-06-01 19:34:39 INFO  :331 - ( //button[@id='btn_login'] )
2025-06-01 19:34:39 INFO  :333 - Clicked on (Login Button)
2025-06-01 19:34:39 INFO  :303 - Clicked on (Click on skip button.....)
2025-06-01 19:34:41 INFO  :303 - Clicked on (Login and logout go to pre_registration page......)
2025-06-01 19:34:42 INFO  :303 - Clicked on (Login and logout go to pre_registration page......)
2025-06-01 19:34:43 INFO  :303 - Clicked on (Click on pre_registration....)
2025-06-01 19:34:45 INFO  :303 - Clicked on (Verify mobile buttun)
