2025-06-10 16:41:25 INFO  :326 - Start Clicking on (Login Button)
2025-06-10 16:41:28 INFO  :331 - ( //button[@id='loginbtn'] )
2025-06-10 16:41:28 INFO  :333 - Clicked on (Login Button)
2025-06-10 16:41:28 INFO  :326 - Start Clicking on (UHID Radio Button)
2025-06-10 16:41:29 INFO  :331 - ( //input[@id='radio2'] )
2025-06-10 16:41:29 INFO  :333 - Clicked on (UHID Radio Button)
2025-06-10 16:41:30 INFO  :362 - Start Entering...
2025-06-10 16:41:30 INFO  :364 - //input[@id='txtUhid']: Input Data : (ISIC.100)
2025-06-10 16:41:30 INFO  :370 - End Entering...
2025-06-10 16:41:31 INFO  :362 - Start Entering...
2025-06-10 16:41:31 INFO  :364 - //input[@id='txtPassword']: Input Data : (123)
2025-06-10 16:41:32 INFO  :370 - End Entering...
2025-06-10 16:41:32 INFO  :326 - Start Clicking on (Login Button)
2025-06-10 16:41:35 INFO  :331 - ( //button[@id='btn_login'] )
2025-06-10 16:41:35 INFO  :333 - Clicked on (Login Button)
2025-06-10 16:41:36 INFO  :303 - Clicked on (Skip)
2025-06-10 16:41:37 INFO  :303 - Clicked on (Profile Click.....)
2025-06-10 16:41:39 INFO  :303 - Clicked on (Profile Click.....)
2025-06-10 16:41:41 INFO  :303 - Clicked on (Login Button.....)
2025-06-10 16:41:43 INFO  :303 - Clicked on (click radio....)
