2025-06-10 16:38:33 INFO  :326 - Start Clicking on (Login Button)
2025-06-10 16:38:34 INFO  :331 - ( //button[@id='loginbtn'] )
2025-06-10 16:38:34 INFO  :333 - Clicked on (Login Button)
2025-06-10 16:38:34 INFO  :326 - Start Clicking on (UHID Radio Button)
2025-06-10 16:38:34 INFO  :331 - ( //input[@id='radio2'] )
2025-06-10 16:38:34 INFO  :333 - Clicked on (UHID Radio Button)
2025-06-10 16:38:35 INFO  :362 - Start Entering...
2025-06-10 16:38:35 INFO  :364 - //input[@id='txtUhid']: Input Data : (ISIC.100)
2025-06-10 16:38:36 INFO  :370 - End Entering...
2025-06-10 16:38:36 INFO  :362 - Start Entering...
2025-06-10 16:38:36 INFO  :364 - //input[@id='txtPassword']: Input Data : (123)
2025-06-10 16:38:37 INFO  :370 - End Entering...
2025-06-10 16:38:37 INFO  :326 - Start Clicking on (Login Button)
2025-06-10 16:38:39 INFO  :331 - ( //button[@id='btn_login'] )
2025-06-10 16:38:39 INFO  :333 - Clicked on (Login Button)
2025-06-10 16:38:40 INFO  :303 - Clicked on (Skip)
2025-06-10 16:38:41 INFO  :303 - Clicked on (Profile Click.....)
2025-06-10 16:38:43 INFO  :303 - Clicked on (Profile Click.....)
2025-06-10 16:38:45 INFO  :303 - Clicked on (Login Button.....)
2025-06-10 16:38:46 INFO  :303 - Clicked on (click radio....)
2025-06-10 16:38:52 INFO  :303 - Clicked on (click)
