2025-06-11 17:22:05 INFO  :326 - Start Clicking on (Login Button)
2025-06-11 17:22:05 INFO  :331 - ( //button[@id='loginbtn'] )
2025-06-11 17:22:05 INFO  :333 - Clicked on (Login Button)
2025-06-11 17:22:05 INFO  :326 - Start Clicking on (UHID Radio Button)
2025-06-11 17:22:06 INFO  :331 - ( //input[@id='radio2'] )
2025-06-11 17:22:06 INFO  :333 - Clicked on (UHID Radio Button)
2025-06-11 17:22:06 INFO  :362 - Start Entering...
2025-06-11 17:22:06 INFO  :364 - //input[@id='txtUhid']: Input Data : (ISIC.100)
2025-06-11 17:22:07 INFO  :370 - End Entering...
2025-06-11 17:22:07 INFO  :362 - Start Entering...
2025-06-11 17:22:07 INFO  :364 - //input[@id='txtPassword']: Input Data : (123)
2025-06-11 17:22:08 INFO  :370 - End Entering...
2025-06-11 17:22:08 INFO  :326 - Start Clicking on (Login Button)
2025-06-11 17:22:11 INFO  :331 - ( //button[@id='btn_login'] )
2025-06-11 17:22:11 INFO  :333 - Clicked on (Login Button)
2025-06-11 17:22:12 INFO  :303 - Clicked on (Close Skip button.)
2025-06-11 17:22:16 INFO  :303 - Clicked on (Click on side icon vital and tracker)
2025-06-11 17:22:17 INFO  :303 - Clicked on (Click on edite button vital and tracker.)
2025-06-11 17:22:55 INFO  :303 - Clicked on (Click and conform you, sure ok button.....)
2025-06-11 17:22:56 INFO  :303 - Clicked on (Click save button.)
2025-06-11 17:22:58 INFO  :303 - Clicked on (Close conform pop.......)
