2025-06-10 16:47:01 INFO  :326 - Start Clicking on (Login Button)
2025-06-10 16:47:02 INFO  :331 - ( //button[@id='loginbtn'] )
2025-06-10 16:47:02 INFO  :333 - Clicked on (Login Button)
2025-06-10 16:47:02 INFO  :326 - Start Clicking on (UHID Radio Button)
2025-06-10 16:47:03 INFO  :331 - ( //input[@id='radio2'] )
2025-06-10 16:47:03 INFO  :333 - Clicked on (UHID Radio Button)
2025-06-10 16:47:03 INFO  :362 - Start Entering...
2025-06-10 16:47:03 INFO  :364 - //input[@id='txtUhid']: Input Data : (ISIC.100)
2025-06-10 16:47:04 INFO  :370 - End Entering...
2025-06-10 16:47:04 INFO  :362 - Start Entering...
2025-06-10 16:47:04 INFO  :364 - //input[@id='txtPassword']: Input Data : (123)
2025-06-10 16:47:05 INFO  :370 - End Entering...
2025-06-10 16:47:05 INFO  :326 - Start Clicking on (Login Button)
2025-06-10 16:47:07 INFO  :331 - ( //button[@id='btn_login'] )
2025-06-10 16:47:07 INFO  :333 - Clicked on (Login Button)
2025-06-10 16:47:07 INFO  :303 - Clicked on (Skip)
2025-06-10 16:47:09 INFO  :303 - Clicked on (Profile Click.....)
2025-06-10 16:47:11 INFO  :303 - Clicked on (Profile Click.....)
2025-06-10 16:47:13 INFO  :303 - Clicked on (Login Button.....)
2025-06-10 16:47:14 INFO  :303 - Clicked on (click radio....)
2025-06-10 16:47:21 INFO  :303 - Clicked on (click)
