2025-05-30 17:25:14 INFO  :326 - Start Clicking on (Login Button)
2025-05-30 17:25:15 INFO  :331 - ( //button[@id='loginbtn'] )
2025-05-30 17:25:15 INFO  :333 - Clicked on (Login Button)
2025-05-30 17:25:15 INFO  :326 - Start Clicking on (UHID Radio Button)
2025-05-30 17:25:15 INFO  :331 - ( //input[@id='radio2'] )
2025-05-30 17:25:15 INFO  :333 - Clicked on (UHID Radio Button)
2025-05-30 17:25:16 INFO  :362 - Start Entering...
2025-05-30 17:25:16 INFO  :364 - //input[@id='txtUhid']: Input Data : (ISIC.100)
2025-05-30 17:25:17 INFO  :370 - End Entering...
2025-05-30 17:25:17 INFO  :362 - Start Entering...
2025-05-30 17:25:17 INFO  :364 - //input[@id='txtPassword']: Input Data : (123)
2025-05-30 17:25:18 INFO  :370 - End Entering...
2025-05-30 17:25:18 INFO  :326 - Start Clicking on (Login Button)
2025-05-30 17:25:19 INFO  :331 - ( //button[@id='btn_login'] )
2025-05-30 17:25:19 INFO  :333 - Clicked on (Login Button)
2025-05-30 17:25:43 INFO  :303 - Clicked on (Click on all notification Skip button.)
2025-05-30 17:25:51 INFO  :303 - Clicked on (Click on side icon feedback button.)
2025-05-30 17:25:59 INFO  :303 - Clicked on (Click on emoji visite.)
2025-05-30 17:26:03 INFO  :303 - Clicked on (Click on emoji Doctor Consulation.)
2025-05-30 17:26:08 INFO  :303 - Clicked on (Click on emoji Satisfaction leval.)
2025-05-30 17:26:12 INFO  :303 - Clicked on (Click on emoji Appointment Booking)
