2025-06-02 12:08:32 INFO  :326 - Start Clicking on (Login Button)
2025-06-02 12:08:32 INFO  :331 - ( //button[@id='loginbtn'] )
2025-06-02 12:08:32 INFO  :333 - Clicked on (Login Button)
2025-06-02 12:08:32 INFO  :326 - Start Clicking on (UHID Radio Button)
2025-06-02 12:08:33 INFO  :331 - ( //input[@id='radio2'] )
2025-06-02 12:08:33 INFO  :333 - Clicked on (UHID Radio Button)
2025-06-02 12:08:33 INFO  :362 - Start Entering...
2025-06-02 12:08:33 INFO  :364 - //input[@id='txtUhid']: Input Data : (ISIC.100)
2025-06-02 12:08:34 INFO  :370 - End Entering...
2025-06-02 12:08:34 INFO  :362 - Start Entering...
2025-06-02 12:08:34 INFO  :364 - //input[@id='txtPassword']: Input Data : (123)
2025-06-02 12:08:35 INFO  :370 - End Entering...
2025-06-02 12:08:35 INFO  :326 - Start Clicking on (Login Button)
2025-06-02 12:08:35 INFO  :331 - ( //button[@id='btn_login'] )
2025-06-02 12:08:35 INFO  :333 - Clicked on (Login Button)
2025-06-02 12:08:37 INFO  :303 - Clicked on (Click on skip button.....)
2025-06-02 12:08:38 INFO  :303 - Clicked on (Login and logout go to pre_registration page......)
2025-06-02 12:08:40 INFO  :303 - Clicked on (Login and logout go to pre_registration page......)
2025-06-02 12:08:41 INFO  :303 - Clicked on (Click on pre_registration....)
2025-06-02 12:08:42 INFO  :303 - Clicked on (Verify mobile buttun)
2025-06-02 12:08:51 INFO  :303 - Clicked on (Read And submit moblie otp password)
2025-06-02 12:08:54 INFO  :303 - Clicked on (Vrify emailid button...)
2025-06-02 12:08:59 INFO  :303 - Clicked on (Read and submit emailid otp password)
2025-06-02 12:09:35 INFO  :303 - Clicked on (//button[@id='btnProceed'])
2025-06-02 12:09:37 INFO  :303 - Clicked on (Register Successfully)
