2025-05-30 11:03:05 INFO  :326 - Start Clicking on (Login Button)
2025-05-30 11:03:05 INFO  :331 - ( //button[@id='loginbtn'] )
2025-05-30 11:03:05 INFO  :333 - Clicked on (Login Button)
2025-05-30 11:03:05 INFO  :326 - Start Clicking on (UHID Radio Button)
2025-05-30 11:03:06 INFO  :331 - ( //input[@id='radio2'] )
2025-05-30 11:03:06 INFO  :333 - Clicked on (UHID Radio Button)
2025-05-30 11:03:06 INFO  :362 - Start Entering...
2025-05-30 11:03:06 INFO  :364 - //input[@id='txtUhid']: Input Data : (ISIC.100)
2025-05-30 11:03:07 INFO  :370 - End Entering...
2025-05-30 11:03:07 INFO  :362 - Start Entering...
2025-05-30 11:03:07 INFO  :364 - //input[@id='txtPassword']: Input Data : (123)
2025-05-30 11:03:08 INFO  :370 - End Entering...
2025-05-30 11:03:08 INFO  :326 - Start Clicking on (Login Button)
2025-05-30 11:03:09 INFO  :331 - ( //button[@id='btn_login'] )
2025-05-30 11:03:09 INFO  :333 - Clicked on (Login Button)
2025-05-30 11:03:10 INFO  :303 - Clicked on (Skip)
2025-05-30 11:03:17 INFO  :303 - Clicked on (Click on side icon reports)
2025-05-30 11:03:21 INFO  :303 - Clicked on (Lab_Reports)
2025-05-30 11:03:25 INFO  :303 - Clicked on (Diagnostic_Reports)
2025-05-30 11:03:29 INFO  :303 - Clicked on (Discharge_summary)
2025-05-30 11:03:33 INFO  :303 - Clicked on (vaccination_reports)
