2025-06-02 16:35:23 INFO  :326 - Start Clicking on (Login Button)
2025-06-02 16:35:23 INFO  :331 - ( //button[@id='loginbtn'] )
2025-06-02 16:35:23 INFO  :333 - Clicked on (Login Button)
2025-06-02 16:35:23 INFO  :326 - Start Clicking on (UHID Radio Button)
2025-06-02 16:35:23 INFO  :331 - ( //input[@id='radio2'] )
2025-06-02 16:35:23 INFO  :333 - Clicked on (UHID Radio Button)
2025-06-02 16:35:24 INFO  :362 - Start Entering...
2025-06-02 16:35:24 INFO  :364 - //input[@id='txtUhid']: Input Data : (ISIC.100)
2025-06-02 16:35:24 INFO  :370 - End Entering...
2025-06-02 16:35:25 INFO  :362 - Start Entering...
2025-06-02 16:35:25 INFO  :364 - //input[@id='txtPassword']: Input Data : (123)
2025-06-02 16:35:25 INFO  :370 - End Entering...
2025-06-02 16:35:25 INFO  :326 - Start Clicking on (Login Button)
2025-06-02 16:35:27 INFO  :331 - ( //button[@id='btn_login'] )
2025-06-02 16:35:27 INFO  :333 - Clicked on (Login Button)
2025-06-02 16:35:28 INFO  :303 - Clicked on (Click on all notification Skip button.)
2025-06-02 16:35:30 INFO  :303 - Clicked on (Click on side icon feedback button.)
2025-06-02 16:35:36 INFO  :303 - Clicked on (Click on emoji visite.)
2025-06-02 16:35:40 INFO  :303 - Clicked on (Click on emoji Doctor Consulation.)
2025-06-02 16:35:44 INFO  :303 - Clicked on (Click on emoji Satisfaction leval.)
2025-06-02 16:35:48 INFO  :303 - Clicked on (Click on emoji Appointment Booking)
2025-06-02 16:35:59 INFO  :303 - Clicked on (Sbumit.)
2025-06-02 16:36:04 INFO  :303 - Clicked on (Close pop.)
