2025-06-10 16:40:40 INFO  :326 - Start Clicking on (Login Button)
2025-06-10 16:40:42 INFO  :331 - ( //button[@id='loginbtn'] )
2025-06-10 16:40:42 INFO  :333 - Clicked on (Login Button)
2025-06-10 16:40:42 INFO  :326 - Start Clicking on (UHID Radio Button)
2025-06-10 16:40:43 INFO  :331 - ( //input[@id='radio2'] )
2025-06-10 16:40:43 INFO  :333 - Clicked on (UHID Radio Button)
2025-06-10 16:40:43 INFO  :362 - Start Entering...
2025-06-10 16:40:43 INFO  :364 - //input[@id='txtUhid']: Input Data : (ISIC.100)
2025-06-10 16:40:44 INFO  :370 - End Entering...
2025-06-10 16:40:45 INFO  :362 - Start Entering...
2025-06-10 16:40:45 INFO  :364 - //input[@id='txtPassword']: Input Data : (123)
2025-06-10 16:40:46 INFO  :370 - End Entering...
2025-06-10 16:40:46 INFO  :326 - Start Clicking on (Login Button)
2025-06-10 16:40:46 INFO  :331 - ( //button[@id='btn_login'] )
2025-06-10 16:40:46 INFO  :333 - Clicked on (Login Button)
2025-06-10 16:40:49 INFO  :303 - Clicked on (Skip)
2025-06-10 16:40:50 INFO  :303 - Clicked on (Profile Click.....)
2025-06-10 16:40:53 INFO  :303 - Clicked on (Profile Click.....)
2025-06-10 16:40:55 INFO  :303 - Clicked on (Login Button.....)
2025-06-10 16:40:56 INFO  :303 - Clicked on (click radio....)
