2025-06-10 15:09:57 INFO  :326 - Start Clicking on (Login Button)
2025-06-10 15:09:59 INFO  :331 - ( //button[@id='loginbtn'] )
2025-06-10 15:09:59 INFO  :333 - Clicked on (Login Button)
2025-06-10 15:09:59 INFO  :326 - Start Clicking on (UHID Radio Button)
2025-06-10 15:10:00 INFO  :331 - ( //input[@id='radio2'] )
2025-06-10 15:10:00 INFO  :333 - Clicked on (UHID Radio Button)
2025-06-10 15:10:00 INFO  :362 - Start Entering...
2025-06-10 15:10:00 INFO  :364 - //input[@id='txtUhid']: Input Data : (ISIC.100)
2025-06-10 15:10:01 INFO  :370 - End Entering...
2025-06-10 15:10:01 INFO  :362 - Start Entering...
2025-06-10 15:10:01 INFO  :364 - //input[@id='txtPassword']: Input Data : (123)
2025-06-10 15:10:02 INFO  :370 - End Entering...
2025-06-10 15:10:02 INFO  :326 - Start Clicking on (Login Button)
2025-06-10 15:10:04 INFO  :331 - ( //button[@id='btn_login'] )
2025-06-10 15:10:04 INFO  :333 - Clicked on (Login Button)
2025-06-10 15:10:05 INFO  :303 - Clicked on (Click on skip button.....)
2025-06-10 15:10:06 INFO  :303 - Clicked on (Login and logout go to pre_registration page......)
2025-06-10 15:10:08 INFO  :303 - Clicked on (Login and logout go to pre_registration page......)
2025-06-10 15:10:09 INFO  :303 - Clicked on (Click on pre_registration....)
2025-06-10 15:10:53 INFO  :303 - Clicked on (//button[@id='btnProceed'])
