2025-06-01 21:03:54 INFO  :326 - Start Clicking on (Login Button)
2025-06-01 21:03:54 INFO  :331 - ( //button[@id='loginbtn'] )
2025-06-01 21:03:54 INFO  :333 - Clicked on (Login Button)
2025-06-01 21:03:54 INFO  :326 - Start Clicking on (UHID Radio Button)
2025-06-01 21:03:55 INFO  :331 - ( //input[@id='radio2'] )
2025-06-01 21:03:55 INFO  :333 - Clicked on (UHID Radio Button)
2025-06-01 21:03:55 INFO  :362 - Start Entering...
2025-06-01 21:03:55 INFO  :364 - //input[@id='txtUhid']: Input Data : (ISIC.100)
2025-06-01 21:03:56 INFO  :370 - End Entering...
2025-06-01 21:03:56 INFO  :362 - Start Entering...
2025-06-01 21:03:56 INFO  :364 - //input[@id='txtPassword']: Input Data : (123)
2025-06-01 21:03:57 INFO  :370 - End Entering...
2025-06-01 21:03:57 INFO  :326 - Start Clicking on (Login Button)
2025-06-01 21:04:13 INFO  :331 - ( //button[@id='btn_login'] )
2025-06-01 21:04:13 INFO  :333 - Clicked on (Login Button)
2025-06-01 21:04:14 INFO  :303 - Clicked on (Click on skip button.....)
2025-06-01 21:04:16 INFO  :303 - Clicked on (Login and logout go to pre_registration page......)
2025-06-01 21:04:18 INFO  :303 - Clicked on (Login and logout go to pre_registration page......)
2025-06-01 21:04:19 INFO  :303 - Clicked on (Click on pre_registration....)
2025-06-01 21:04:52 INFO  :303 - Clicked on (Verify mobile buttun)
2025-06-01 21:05:02 INFO  :303 - Clicked on (Submit moblie otp)
