2025-06-04 13:02:51 INFO  :326 - Start Clicking on (Login Button)
2025-06-04 13:02:55 INFO  :331 - ( //button[@id='loginbtn'] )
2025-06-04 13:02:55 INFO  :333 - Clicked on (Login Button)
2025-06-04 13:02:55 INFO  :326 - Start Clicking on (UHID Radio Button)
2025-06-04 13:02:55 INFO  :331 - ( //input[@id='radio2'] )
2025-06-04 13:02:55 INFO  :333 - Clicked on (UHID Radio Button)
2025-06-04 13:02:56 INFO  :362 - Start Entering...
2025-06-04 13:02:56 INFO  :364 - //input[@id='txtUhid']: Input Data : (ISIC.100)
2025-06-04 13:02:57 INFO  :370 - End Entering...
2025-06-04 13:02:57 INFO  :362 - Start Entering...
2025-06-04 13:02:57 INFO  :364 - //input[@id='txtPassword']: Input Data : (123)
2025-06-04 13:02:58 INFO  :370 - End Entering...
2025-06-04 13:02:58 INFO  :326 - Start Clicking on (Login Button)
2025-06-04 13:03:01 INFO  :331 - ( //button[@id='btn_login'] )
2025-06-04 13:03:01 INFO  :333 - Clicked on (Login Button)
2025-06-04 13:03:03 INFO  :303 - Clicked on (Login Pre_RegistrationNo.......)
2025-06-04 13:03:04 INFO  :326 - Start Clicking on (Click Radio Button)
2025-06-04 13:03:04 INFO  :331 - ( //input[@id='radio2'] )
2025-06-04 13:03:04 INFO  :333 - Clicked on (Click Radio Button)
2025-06-04 13:03:09 INFO  :303 - Clicked on (Click on login with OTP ......)
2025-06-04 13:03:10 INFO  :303 - Clicked on (Click On Radio Button....)
2025-06-04 13:03:15 INFO  :303 - Clicked on (Click On Send OTP.......)
2025-06-04 13:03:22 INFO  :303 - Clicked on (Click on submit otp....)
