2025-06-02 16:21:20 INFO  :326 - Start Clicking on (Login Button)
2025-06-02 16:21:20 INFO  :331 - ( //button[@id='loginbtn'] )
2025-06-02 16:21:20 INFO  :333 - Clicked on (Login Button)
2025-06-02 16:21:20 INFO  :326 - Start Clicking on (UHID Radio Button)
2025-06-02 16:21:20 INFO  :331 - ( //input[@id='radio2'] )
2025-06-02 16:21:20 INFO  :333 - Clicked on (UHID Radio Button)
2025-06-02 16:21:21 INFO  :362 - Start Entering...
2025-06-02 16:21:21 INFO  :364 - //input[@id='txtUhid']: Input Data : (ISIC.100)
2025-06-02 16:21:22 INFO  :370 - End Entering...
2025-06-02 16:21:22 INFO  :362 - Start Entering...
2025-06-02 16:21:22 INFO  :364 - //input[@id='txtPassword']: Input Data : (123)
2025-06-02 16:21:22 INFO  :370 - End Entering...
2025-06-02 16:21:22 INFO  :326 - Start Clicking on (Login Button)
2025-06-02 16:21:25 INFO  :331 - ( //button[@id='btn_login'] )
2025-06-02 16:21:25 INFO  :333 - Clicked on (Login Button)
2025-06-02 16:21:25 INFO  :303 - Clicked on (Click on all notification Skip button.)
2025-06-02 16:21:28 INFO  :303 - Clicked on (Click on side icon feedback button.)
2025-06-02 16:21:34 INFO  :303 - Clicked on (Click on emoji visite.)
2025-06-02 16:21:38 INFO  :303 - Clicked on (Click on emoji Doctor Consulation.)
2025-06-02 16:21:42 INFO  :303 - Clicked on (Click on emoji Satisfaction leval.)
2025-06-02 16:21:46 INFO  :303 - Clicked on (Click on emoji Appointment Booking)
2025-06-02 16:21:57 INFO  :303 - Clicked on (Sbumit.)
2025-06-02 16:22:02 INFO  :303 - Clicked on (Close pop.)
