2025-06-03 16:31:29 INFO  :326 - Start Clicking on (Login Button)
2025-06-03 16:31:30 INFO  :331 - ( //button[@id='loginbtn'] )
2025-06-03 16:31:30 INFO  :333 - Clicked on (Login Button)
2025-06-03 16:31:30 INFO  :326 - Start Clicking on (UHID Radio Button)
2025-06-03 16:31:31 INFO  :331 - ( //input[@id='radio2'] )
2025-06-03 16:31:31 INFO  :333 - Clicked on (UHID Radio Button)
2025-06-03 16:31:31 INFO  :362 - Start Entering...
2025-06-03 16:31:31 INFO  :364 - //input[@id='txtUhid']: Input Data : (ISIC.100)
2025-06-03 16:31:32 INFO  :370 - End Entering...
2025-06-03 16:31:33 INFO  :362 - Start Entering...
2025-06-03 16:31:33 INFO  :364 - //input[@id='txtPassword']: Input Data : (123)
2025-06-03 16:31:33 INFO  :370 - End Entering...
2025-06-03 16:31:33 INFO  :326 - Start Clicking on (Login Button)
2025-06-03 16:31:35 INFO  :331 - ( //button[@id='btn_login'] )
2025-06-03 16:31:35 INFO  :333 - Clicked on (Login Button)
2025-06-03 16:31:38 INFO  :303 - Clicked on (Login Pre_RegistrationNo.......)
2025-06-03 16:31:38 INFO  :326 - Start Clicking on (Click Radio Button)
2025-06-03 16:31:39 INFO  :331 - ( //input[@id='radio2'] )
2025-06-03 16:31:39 INFO  :333 - Clicked on (Click Radio Button)
2025-06-03 16:31:43 INFO  :303 - Clicked on (Click on login with OTP ......)
2025-06-03 16:31:44 INFO  :303 - Clicked on (Click On Radio Button....)
2025-06-03 16:31:48 INFO  :303 - Clicked on (Click On Radio Button.....)
2025-06-03 16:31:53 INFO  :303 - Clicked on (Click On Send OTP.......)
