2025-05-30 15:15:13 INFO  :326 - Start Clicking on (Login Button)
2025-05-30 15:15:13 INFO  :331 - ( //button[@id='loginbtn'] )
2025-05-30 15:15:13 INFO  :333 - Clicked on (Login Button)
2025-05-30 15:15:13 INFO  :326 - Start Clicking on (UHID Radio Button)
2025-05-30 15:15:14 INFO  :331 - ( //input[@id='radio2'] )
2025-05-30 15:15:14 INFO  :333 - Clicked on (UHID Radio Button)
2025-05-30 15:15:14 INFO  :362 - Start Entering...
2025-05-30 15:15:14 INFO  :364 - //input[@id='txtUhid']: Input Data : (ISIC.100)
2025-05-30 15:15:15 INFO  :370 - End Entering...
2025-05-30 15:15:15 INFO  :362 - Start Entering...
2025-05-30 15:15:15 INFO  :364 - //input[@id='txtPassword']: Input Data : (123)
2025-05-30 15:15:16 INFO  :370 - End Entering...
2025-05-30 15:15:16 INFO  :326 - Start Clicking on (Login Button)
2025-05-30 15:15:18 INFO  :331 - ( //button[@id='btn_login'] )
2025-05-30 15:15:18 INFO  :333 - Clicked on (Login Button)
2025-05-30 15:15:19 INFO  :303 - Clicked on (Skip Button)
2025-05-30 15:15:22 INFO  :303 - Clicked on (Click On Side Icon Manage Family Member)
2025-05-30 15:15:26 INFO  :303 - Clicked on (Click add New Family Member Buttom)
2025-05-30 15:15:30 INFO  :303 - Clicked on (Click on add profile pop)
2025-05-30 15:15:33 INFO  :362 - Start Entering...
2025-05-30 15:15:33 INFO  :364 - //input[@id='phoneNumberField']: Input Data : (9876543210)
2025-05-30 15:15:34 INFO  :370 - End Entering...
2025-05-30 15:15:37 INFO  :303 - Clicked on (Click On OTP Button)
2025-05-30 15:15:48 INFO  :303 - Clicked on (otpSubmit)
2025-05-30 15:15:53 INFO  :303 - Clicked on (Add on Exiting family member successfully message........)
2025-05-30 15:15:59 INFO  :303 - Clicked on (click edite button)
2025-05-30 15:16:14 INFO  :303 - Clicked on (Select and find relationship in family member.......)
2025-05-30 15:16:22 INFO  :303 - Clicked on (Remove family member.........)
