2025-06-03 14:52:14 INFO  :326 - Start Clicking on (Login Button)
2025-06-03 14:52:16 INFO  :331 - ( //button[@id='loginbtn'] )
2025-06-03 14:52:16 INFO  :333 - Clicked on (Login Button)
2025-06-03 14:52:16 INFO  :326 - Start Clicking on (UHID Radio Button)
2025-06-03 14:52:18 INFO  :331 - ( //input[@id='radio2'] )
2025-06-03 14:52:18 INFO  :333 - Clicked on (UHID Radio Button)
2025-06-03 14:52:18 INFO  :362 - Start Entering...
2025-06-03 14:52:18 INFO  :364 - //input[@id='txtUhid']: Input Data : (ISIC.100)
2025-06-03 14:52:19 INFO  :370 - End Entering...
2025-06-03 14:52:20 INFO  :362 - Start Entering...
2025-06-03 14:52:20 INFO  :364 - //input[@id='txtPassword']: Input Data : (123)
2025-06-03 14:52:21 INFO  :370 - End Entering...
2025-06-03 14:52:21 INFO  :326 - Start Clicking on (Login Button)
2025-06-03 14:52:24 INFO  :331 - ( //button[@id='btn_login'] )
2025-06-03 14:52:24 INFO  :333 - Clicked on (Login Button)
2025-06-03 14:52:27 INFO  :303 - Clicked on (Login Pre_RegistrationNo.......)
2025-06-03 14:52:27 INFO  :326 - Start Clicking on (Click Radio Button)
2025-06-03 14:52:29 INFO  :331 - ( //input[@id='radio2'] )
2025-06-03 14:52:29 INFO  :333 - Clicked on (Click Radio Button)
2025-06-03 14:52:33 INFO  :303 - Clicked on (Click on login with OTP ......)
2025-06-03 14:52:35 INFO  :303 - Clicked on (98765432)
2025-06-03 14:52:39 INFO  :303 - Clicked on (Click On Send OTP.......)
