2025-06-01 21:12:51 INFO  :326 - Start Clicking on (Login Button)
2025-06-01 21:12:52 INFO  :331 - ( //button[@id='loginbtn'] )
2025-06-01 21:12:52 INFO  :333 - Clicked on (Login Button)
2025-06-01 21:12:52 INFO  :326 - Start Clicking on (UHID Radio Button)
2025-06-01 21:12:52 INFO  :331 - ( //input[@id='radio2'] )
2025-06-01 21:12:52 INFO  :333 - Clicked on (UHID Radio Button)
2025-06-01 21:12:53 INFO  :362 - Start Entering...
2025-06-01 21:12:53 INFO  :364 - //input[@id='txtUhid']: Input Data : (ISIC.100)
2025-06-01 21:12:54 INFO  :370 - End Entering...
2025-06-01 21:12:54 INFO  :362 - Start Entering...
2025-06-01 21:12:54 INFO  :364 - //input[@id='txtPassword']: Input Data : (123)
2025-06-01 21:12:55 INFO  :370 - End Entering...
2025-06-01 21:12:55 INFO  :326 - Start Clicking on (Login Button)
2025-06-01 21:12:57 INFO  :331 - ( //button[@id='btn_login'] )
2025-06-01 21:12:57 INFO  :333 - Clicked on (Login Button)
2025-06-01 21:12:58 INFO  :303 - Clicked on (Click on skip button.....)
2025-06-01 21:13:00 INFO  :303 - Clicked on (Login and logout go to pre_registration page......)
2025-06-01 21:13:02 INFO  :303 - Clicked on (Login and logout go to pre_registration page......)
2025-06-01 21:13:03 INFO  :303 - Clicked on (Click on pre_registration....)
2025-06-01 21:13:05 INFO  :303 - Clicked on (Verify mobile buttun)
2025-06-01 21:13:14 INFO  :303 - Clicked on (Submit moblie otp)
2025-06-01 21:13:17 INFO  :303 - Clicked on (Vrify emailid button...)
