2025-06-02 15:33:17 INFO  :326 - Start Clicking on (Login Button)
2025-06-02 15:33:17 INFO  :331 - ( //button[@id='loginbtn'] )
2025-06-02 15:33:17 INFO  :333 - Clicked on (Login Button)
2025-06-02 15:33:17 INFO  :326 - Start Clicking on (UHID Radio Button)
2025-06-02 15:33:18 INFO  :331 - ( //input[@id='radio2'] )
2025-06-02 15:33:18 INFO  :333 - Clicked on (UHID Radio Button)
2025-06-02 15:33:18 INFO  :362 - Start Entering...
2025-06-02 15:33:18 INFO  :364 - //input[@id='txtUhid']: Input Data : (ISIC.100)
2025-06-02 15:33:19 INFO  :370 - End Entering...
2025-06-02 15:33:19 INFO  :362 - Start Entering...
2025-06-02 15:33:19 INFO  :364 - //input[@id='txtPassword']: Input Data : (123)
2025-06-02 15:33:20 INFO  :370 - End Entering...
2025-06-02 15:33:20 INFO  :326 - Start Clicking on (Login Button)
2025-06-02 15:33:21 INFO  :331 - ( //button[@id='btn_login'] )
2025-06-02 15:33:21 INFO  :333 - Clicked on (Login Button)
2025-06-02 15:33:22 INFO  :303 - Clicked on (Close Skip button.)
2025-06-02 15:33:26 INFO  :303 - Clicked on (Click on side icon vital and tracker)
2025-06-02 15:33:27 INFO  :303 - Clicked on (Click on edite button vital and tracker.)
2025-06-02 15:34:05 INFO  :303 - Clicked on (Click and conform you, sure ok button.....)
2025-06-02 15:34:06 INFO  :303 - Clicked on (Click save button.)
2025-06-02 15:34:07 INFO  :303 - Clicked on (Close conform pop.......)
