2025-05-30 14:53:25 INFO  :326 - Start Clicking on (Login Button)
2025-05-30 14:53:25 INFO  :331 - ( //button[@id='loginbtn'] )
2025-05-30 14:53:25 INFO  :333 - Clicked on (Login Button)
2025-05-30 14:53:25 INFO  :326 - Start Clicking on (UHID Radio Button)
2025-05-30 14:53:26 INFO  :331 - ( //input[@id='radio2'] )
2025-05-30 14:53:26 INFO  :333 - Clicked on (UHID Radio Button)
2025-05-30 14:53:26 INFO  :362 - Start Entering...
2025-05-30 14:53:26 INFO  :364 - //input[@id='txtUhid']: Input Data : (ISIC.100)
2025-05-30 14:53:27 INFO  :370 - End Entering...
2025-05-30 14:53:28 INFO  :362 - Start Entering...
2025-05-30 14:53:28 INFO  :364 - //input[@id='txtPassword']: Input Data : (123)
2025-05-30 14:53:28 INFO  :370 - End Entering...
2025-05-30 14:53:28 INFO  :326 - Start Clicking on (Login Button)
2025-05-30 14:53:30 INFO  :331 - ( //button[@id='btn_login'] )
2025-05-30 14:53:30 INFO  :333 - Clicked on (Login Button)
2025-05-30 14:53:30 INFO  :303 - Clicked on (Skip Button)
2025-05-30 14:53:35 INFO  :303 - Clicked on (Click On Side Icon Manage Family Member)
2025-05-30 14:53:39 INFO  :303 - Clicked on (Click add New Family Member Buttom)
2025-05-30 14:53:43 INFO  :303 - Clicked on (Click on add profile pop)
2025-05-30 14:53:47 INFO  :362 - Start Entering...
2025-05-30 14:53:47 INFO  :364 - //input[@id='phoneNumberField']: Input Data : (9876543210)
2025-05-30 14:53:47 INFO  :370 - End Entering...
2025-05-30 14:53:51 INFO  :303 - Clicked on (Click On OTP Button)
2025-05-30 14:54:01 INFO  :303 - Clicked on (otpSubmit)
2025-05-30 14:54:07 INFO  :303 - Clicked on (Add on Exiting family member successfully message........)
2025-05-30 14:54:13 INFO  :303 - Clicked on (click edite button)
