2025-06-01 20:13:36 INFO  :326 - Start Clicking on (Login Button)
2025-06-01 20:13:36 INFO  :331 - ( //button[@id='loginbtn'] )
2025-06-01 20:13:36 INFO  :333 - Clicked on (Login Button)
2025-06-01 20:13:36 INFO  :326 - Start Clicking on (UHID Radio Button)
2025-06-01 20:13:37 INFO  :331 - ( //input[@id='radio2'] )
2025-06-01 20:13:37 INFO  :333 - Clicked on (UHID Radio Button)
2025-06-01 20:13:37 INFO  :362 - Start Entering...
2025-06-01 20:13:37 INFO  :364 - //input[@id='txtUhid']: Input Data : (ISIC.100)
2025-06-01 20:13:38 INFO  :370 - End Entering...
2025-06-01 20:13:39 INFO  :362 - Start Entering...
2025-06-01 20:13:39 INFO  :364 - //input[@id='txtPassword']: Input Data : (123)
2025-06-01 20:13:39 INFO  :370 - End Entering...
2025-06-01 20:13:39 INFO  :326 - Start Clicking on (Login Button)
2025-06-01 20:13:40 INFO  :331 - ( //button[@id='btn_login'] )
2025-06-01 20:13:40 INFO  :333 - Clicked on (Login Button)
2025-06-01 20:13:42 INFO  :303 - Clicked on (Click on skip button.....)
2025-06-01 20:13:44 INFO  :303 - Clicked on (Login and logout go to pre_registration page......)
2025-06-01 20:13:46 INFO  :303 - Clicked on (Login and logout go to pre_registration page......)
2025-06-01 20:13:47 INFO  :303 - Clicked on (Click on pre_registration....)
2025-06-01 20:14:20 INFO  :303 - Clicked on (Verify mobile buttun)
