2025-06-03 13:21:13 INFO  :326 - Start Clicking on (Login Button)
2025-06-03 13:21:14 INFO  :331 - ( //button[@id='loginbtn'] )
2025-06-03 13:21:14 INFO  :333 - Clicked on (Login Button)
2025-06-03 13:21:14 INFO  :326 - Start Clicking on (UHID Radio Button)
2025-06-03 13:21:15 INFO  :331 - ( //input[@id='radio2'] )
2025-06-03 13:21:15 INFO  :333 - Clicked on (UHID Radio Button)
2025-06-03 13:21:15 INFO  :362 - Start Entering...
2025-06-03 13:21:15 INFO  :364 - //input[@id='txtUhid']: Input Data : (ISIC.100)
2025-06-03 13:21:16 INFO  :370 - End Entering...
2025-06-03 13:21:17 INFO  :362 - Start Entering...
2025-06-03 13:21:17 INFO  :364 - //input[@id='txtPassword']: Input Data : (123)
2025-06-03 13:21:18 INFO  :370 - End Entering...
2025-06-03 13:21:18 INFO  :326 - Start Clicking on (Login Button)
2025-06-03 13:21:18 INFO  :331 - ( //button[@id='btn_login'] )
2025-06-03 13:21:19 INFO  :333 - Clicked on (Login Button)
2025-06-03 13:21:24 INFO  :303 - Clicked on (Login Pre_RegistrationNo.......)
2025-06-03 13:21:24 INFO  :326 - Start Clicking on (Click Radio Button)
2025-06-03 13:21:25 INFO  :331 - ( //input[@id='radio2'] )
2025-06-03 13:21:25 INFO  :333 - Clicked on (Click Radio Button)
2025-06-03 13:21:29 INFO  :303 - Clicked on (Click on login with OTP ......)
