2025-06-04 10:09:26 INFO  :326 - Start Clicking on (Login Button)
2025-06-04 10:09:27 INFO  :331 - ( //button[@id='loginbtn'] )
2025-06-04 10:09:27 INFO  :333 - Clicked on (Login Button)
2025-06-04 10:09:27 INFO  :326 - Start Clicking on (UHID Radio Button)
2025-06-04 10:09:28 INFO  :331 - ( //input[@id='radio2'] )
2025-06-04 10:09:28 INFO  :333 - Clicked on (UHID Radio Button)
2025-06-04 10:09:28 INFO  :362 - Start Entering...
2025-06-04 10:09:28 INFO  :364 - //input[@id='txtUhid']: Input Data : (ISIC.100)
2025-06-04 10:09:29 INFO  :370 - End Entering...
2025-06-04 10:09:29 INFO  :362 - Start Entering...
2025-06-04 10:09:29 INFO  :364 - //input[@id='txtPassword']: Input Data : (123)
2025-06-04 10:09:30 INFO  :370 - End Entering...
2025-06-04 10:09:30 INFO  :326 - Start Clicking on (Login Button)
2025-06-04 10:09:33 INFO  :331 - ( //button[@id='btn_login'] )
2025-06-04 10:09:33 INFO  :333 - Clicked on (Login Button)
2025-06-04 10:09:36 INFO  :303 - Clicked on (Login Pre_RegistrationNo.......)
2025-06-04 10:09:36 INFO  :326 - Start Clicking on (Click Radio Button)
2025-06-04 10:09:37 INFO  :331 - ( //input[@id='radio2'] )
2025-06-04 10:09:37 INFO  :333 - Clicked on (Click Radio Button)
2025-06-04 10:09:41 INFO  :303 - Clicked on (Click on login with OTP ......)
2025-06-04 10:09:42 INFO  :303 - Clicked on (Click On Radio Button....)
2025-06-04 10:09:46 INFO  :303 - Clicked on (Click On Send OTP.......)
