2025-06-04 11:00:39 INFO  :326 - Start Clicking on (Login Button)
2025-06-04 11:00:40 INFO  :331 - ( //button[@id='loginbtn'] )
2025-06-04 11:00:40 INFO  :333 - Clicked on (Login Button)
2025-06-04 11:00:40 INFO  :326 - Start Clicking on (UHID Radio Button)
2025-06-04 11:00:40 INFO  :331 - ( //input[@id='radio2'] )
2025-06-04 11:00:40 INFO  :333 - Clicked on (UHID Radio Button)
2025-06-04 11:00:41 INFO  :362 - Start Entering...
2025-06-04 11:00:41 INFO  :364 - //input[@id='txtUhid']: Input Data : (ISIC.100)
2025-06-04 11:00:41 INFO  :370 - End Entering...
2025-06-04 11:00:42 INFO  :362 - Start Entering...
2025-06-04 11:00:42 INFO  :364 - //input[@id='txtPassword']: Input Data : (123)
2025-06-04 11:00:42 INFO  :370 - End Entering...
2025-06-04 11:00:42 INFO  :326 - Start Clicking on (Login Button)
2025-06-04 11:00:45 INFO  :331 - ( //button[@id='btn_login'] )
2025-06-04 11:00:45 INFO  :333 - Clicked on (Login Button)
2025-06-04 11:00:47 INFO  :303 - Clicked on (Login Pre_RegistrationNo.......)
2025-06-04 11:00:47 INFO  :326 - Start Clicking on (Click Radio Button)
2025-06-04 11:00:47 INFO  :331 - ( //input[@id='radio2'] )
2025-06-04 11:00:47 INFO  :333 - Clicked on (Click Radio Button)
2025-06-04 11:00:51 INFO  :303 - Clicked on (Click on login with OTP ......)
2025-06-04 11:00:52 INFO  :303 - Clicked on (Click On Radio Button....)
2025-06-04 11:00:56 INFO  :303 - Clicked on (Click On Send OTP.......)
2025-06-04 11:01:13 INFO  :303 - Clicked on (Click on submit otp....)
