2025-05-30 17:44:25 INFO  :326 - Start Clicking on (Login Button)
2025-05-30 17:44:25 INFO  :331 - ( //button[@id='loginbtn'] )
2025-05-30 17:44:25 INFO  :333 - Clicked on (Login Button)
2025-05-30 17:44:25 INFO  :326 - Start Clicking on (UHID Radio Button)
2025-05-30 17:44:26 INFO  :331 - ( //input[@id='radio2'] )
2025-05-30 17:44:26 INFO  :333 - Clicked on (UHID Radio Button)
2025-05-30 17:44:27 INFO  :362 - Start Entering...
2025-05-30 17:44:27 INFO  :364 - //input[@id='txtUhid']: Input Data : (ISIC.100)
2025-05-30 17:44:28 INFO  :370 - End Entering...
2025-05-30 17:44:29 INFO  :362 - Start Entering...
2025-05-30 17:44:29 INFO  :364 - //input[@id='txtPassword']: Input Data : (123)
2025-05-30 17:44:30 INFO  :370 - End Entering...
2025-05-30 17:44:30 INFO  :326 - Start Clicking on (Login Button)
2025-05-30 17:44:33 INFO  :331 - ( //button[@id='btn_login'] )
2025-05-30 17:44:33 INFO  :333 - Clicked on (Login Button)
2025-05-30 17:44:34 INFO  :303 - Clicked on (Skip Button)
2025-05-30 17:44:37 INFO  :303 - Clicked on (Click On Side Icon Manage Family Member)
2025-05-30 17:44:41 INFO  :303 - Clicked on (Click add New Family Member Buttom)
2025-05-30 17:44:45 INFO  :303 - Clicked on (Click on add profile pop)
2025-05-30 17:44:49 INFO  :362 - Start Entering...
2025-05-30 17:44:49 INFO  :364 - //input[@id='phoneNumberField']: Input Data : (9876543210)
2025-05-30 17:44:49 INFO  :370 - End Entering...
2025-05-30 17:44:53 INFO  :303 - Clicked on (Click On OTP Button)
2025-05-30 17:44:58 INFO  :303 - Clicked on (otpSubmit)
