2025-06-01 18:46:58 INFO  :326 - Start Clicking on (Login Button)
2025-06-01 18:47:17 INFO  :331 - ( //button[@id='loginbtn'] )
2025-06-01 18:47:17 INFO  :333 - Clicked on (Login Button)
2025-06-01 18:47:17 INFO  :326 - Start Clicking on (UHID Radio Button)
2025-06-01 18:47:17 INFO  :331 - ( //input[@id='radio2'] )
2025-06-01 18:47:17 INFO  :333 - Clicked on (UHID Radio Button)
2025-06-01 18:47:18 INFO  :362 - Start Entering...
2025-06-01 18:47:18 INFO  :364 - //input[@id='txtUhid']: Input Data : (ISIC.100)
2025-06-01 18:47:18 INFO  :370 - End Entering...
2025-06-01 18:47:19 INFO  :362 - Start Entering...
2025-06-01 18:47:19 INFO  :364 - //input[@id='txtPassword']: Input Data : (123)
2025-06-01 18:47:19 INFO  :370 - End Entering...
2025-06-01 18:47:19 INFO  :326 - Start Clicking on (Login Button)
2025-06-01 18:47:32 INFO  :331 - ( //button[@id='btn_login'] )
2025-06-01 18:47:32 INFO  :333 - Clicked on (Login Button)
2025-06-01 18:47:33 INFO  :303 - Clicked on (Click on skip button.....)
2025-06-01 18:47:35 INFO  :303 - Clicked on (Login and logout go to pre_registration page......)
2025-06-01 18:47:36 INFO  :303 - Clicked on (Login and logout go to pre_registration page......)
2025-06-01 18:47:37 INFO  :303 - Clicked on (Click on pre_registration....)
2025-06-01 18:47:40 INFO  :303 - Clicked on (Verify mobile buttun)
