2025-06-03 16:01:53 INFO  :326 - Start Clicking on (Login Button)
2025-06-03 16:01:54 INFO  :331 - ( //button[@id='loginbtn'] )
2025-06-03 16:01:54 INFO  :333 - Clicked on (Login Button)
2025-06-03 16:01:54 INFO  :326 - Start Clicking on (UHID Radio Button)
2025-06-03 16:01:55 INFO  :331 - ( //input[@id='radio2'] )
2025-06-03 16:01:55 INFO  :333 - Clicked on (UHID Radio Button)
2025-06-03 16:01:55 INFO  :362 - Start Entering...
2025-06-03 16:01:55 INFO  :364 - //input[@id='txtUhid']: Input Data : (ISIC.100)
2025-06-03 16:01:56 INFO  :370 - End Entering...
2025-06-03 16:01:57 INFO  :362 - Start Entering...
2025-06-03 16:01:57 INFO  :364 - //input[@id='txtPassword']: Input Data : (123)
2025-06-03 16:01:58 INFO  :370 - End Entering...
2025-06-03 16:01:58 INFO  :326 - Start Clicking on (Login Button)
2025-06-03 16:01:59 INFO  :331 - ( //button[@id='btn_login'] )
2025-06-03 16:01:59 INFO  :333 - Clicked on (Login Button)
2025-06-03 16:02:03 INFO  :303 - Clicked on (Login Pre_RegistrationNo.......)
2025-06-03 16:02:03 INFO  :326 - Start Clicking on (Click Radio Button)
2025-06-03 16:02:04 INFO  :331 - ( //input[@id='radio2'] )
2025-06-03 16:02:04 INFO  :333 - Clicked on (Click Radio Button)
2025-06-03 16:02:08 INFO  :303 - Clicked on (Click on login with OTP ......)
2025-06-03 16:02:09 INFO  :303 - Clicked on (Click On Radio Button....)
2025-06-03 16:02:14 INFO  :303 - Clicked on (Click On Send OTP.......)
