2025-11-04 12:10:02 INFO  :379 - Start Clicking on (Login Button)
2025-11-04 12:10:03 INFO  :384 - ( //button[@id='loginbtn'] )
2025-11-04 12:10:03 INFO  :386 - Clicked on (Login Button)
2025-11-04 12:10:03 INFO  :379 - Start Clicking on (UHID Radio Button)
2025-11-04 12:10:04 INFO  :384 - ( //input[@id='radio2'] )
2025-11-04 12:10:04 INFO  :386 - Clicked on (UHID Radio Button)
2025-11-04 12:10:04 INFO  :415 - Start Entering...
2025-11-04 12:10:04 INFO  :417 - //input[@id='txtUhid']: Input Data : (SAJH.1)
2025-11-04 12:10:05 INFO  :423 - End Entering...
2025-11-04 12:10:06 INFO  :415 - Start Entering...
2025-11-04 12:10:06 INFO  :417 - //input[@id='txtPassword']: Input Data : (123)
2025-11-04 12:10:07 INFO  :423 - End Entering...
2025-11-04 12:10:07 INFO  :379 - Start Clicking on (Login Button)
2025-11-04 12:10:09 INFO  :384 - ( //button[@id='btn_login'] )
2025-11-04 12:10:09 INFO  :386 - Clicked on (Login Button)
2025-11-04 12:10:11 INFO  :318 - Clicked on (Click on skip button.....)
2025-11-04 12:10:12 INFO  :318 - Clicked on (Click On Profile pic)
2025-11-04 12:10:15 INFO  :318 - Clicked on (Logout Button)
2025-11-04 12:10:17 INFO  :318 - Clicked on (Click on pre_registration....)
2025-11-04 12:10:18 INFO  :318 - Clicked on (Verify Mobile Number)
2025-11-04 12:10:28 INFO  :318 - Clicked on (Read And submit moblie otp password)
2025-11-04 12:10:32 INFO  :318 - Clicked on (Verify button EmailId)
2025-11-04 12:10:41 INFO  :318 - Clicked on (Read and submit emailid otp password)
2025-11-04 12:11:23 INFO  :318 - Clicked on (Click Check Box)
2025-11-04 12:11:24 INFO  :318 - Clicked on (Proceed Btn)
