2025-05-30 15:00:46 INFO  :326 - Start Clicking on (Login Button)
2025-05-30 15:00:46 INFO  :331 - ( //button[@id='loginbtn'] )
2025-05-30 15:00:46 INFO  :333 - Clicked on (Login Button)
2025-05-30 15:00:46 INFO  :326 - Start Clicking on (UHID Radio Button)
2025-05-30 15:00:47 INFO  :331 - ( //input[@id='radio2'] )
2025-05-30 15:00:47 INFO  :333 - Clicked on (UHID Radio Button)
2025-05-30 15:00:47 INFO  :362 - Start Entering...
2025-05-30 15:00:47 INFO  :364 - //input[@id='txtUhid']: Input Data : (ISIC.100)
2025-05-30 15:00:48 INFO  :370 - End Entering...
2025-05-30 15:00:48 INFO  :362 - Start Entering...
2025-05-30 15:00:48 INFO  :364 - //input[@id='txtPassword']: Input Data : (123)
2025-05-30 15:00:49 INFO  :370 - End Entering...
2025-05-30 15:00:49 INFO  :326 - Start Clicking on (Login Button)
2025-05-30 15:00:50 INFO  :331 - ( //button[@id='btn_login'] )
2025-05-30 15:00:50 INFO  :333 - Clicked on (Login Button)
2025-05-30 15:00:51 INFO  :303 - Clicked on (Skip Button)
2025-05-30 15:00:53 INFO  :303 - Clicked on (Click On Side Icon Manage Family Member)
2025-05-30 15:00:57 INFO  :303 - Clicked on (Click add New Family Member Buttom)
2025-05-30 15:01:01 INFO  :303 - Clicked on (Click on add profile pop)
2025-05-30 15:01:05 INFO  :362 - Start Entering...
2025-05-30 15:01:05 INFO  :364 - //input[@id='phoneNumberField']: Input Data : (9876543210)
2025-05-30 15:01:05 INFO  :370 - End Entering...
2025-05-30 15:01:09 INFO  :303 - Clicked on (Click On OTP Button)
2025-05-30 15:01:19 INFO  :303 - Clicked on (otpSubmit)
2025-05-30 15:01:24 INFO  :303 - Clicked on (Add on Exiting family member successfully message........)
2025-05-30 15:01:31 INFO  :303 - Clicked on (click edite button)
