2025-06-02 14:41:21 INFO  :326 - Start Clicking on (Login Button)
2025-06-02 14:41:21 INFO  :331 - ( //button[@id='loginbtn'] )
2025-06-02 14:41:21 INFO  :333 - Clicked on (Login Button)
2025-06-02 14:41:21 INFO  :326 - Start Clicking on (UHID Radio Button)
2025-06-02 14:41:22 INFO  :331 - ( //input[@id='radio2'] )
2025-06-02 14:41:22 INFO  :333 - Clicked on (UHID Radio Button)
2025-06-02 14:41:22 INFO  :362 - Start Entering...
2025-06-02 14:41:22 INFO  :364 - //input[@id='txtUhid']: Input Data : (ISIC.100)
2025-06-02 14:41:23 INFO  :370 - End Entering...
2025-06-02 14:41:23 INFO  :362 - Start Entering...
2025-06-02 14:41:23 INFO  :364 - //input[@id='txtPassword']: Input Data : (123)
2025-06-02 14:41:24 INFO  :370 - End Entering...
2025-06-02 14:41:24 INFO  :326 - Start Clicking on (Login Button)
2025-06-02 14:41:26 INFO  :331 - ( //button[@id='btn_login'] )
2025-06-02 14:41:26 INFO  :333 - Clicked on (Login Button)
2025-06-02 14:41:27 INFO  :303 - Clicked on (Click on all notification Skip button.)
2025-06-02 14:41:29 INFO  :303 - Clicked on (Click on side icon feedback button.)
2025-06-02 14:41:35 INFO  :303 - Clicked on (Click on emoji visite.)
2025-06-02 14:41:39 INFO  :303 - Clicked on (Click on emoji Doctor Consulation.)
2025-06-02 14:41:43 INFO  :303 - Clicked on (Click on emoji Satisfaction leval.)
2025-06-02 14:41:47 INFO  :303 - Clicked on (Click on emoji Appointment Booking)
2025-06-02 14:41:58 INFO  :303 - Clicked on (Sbumit.)
2025-06-02 14:42:03 INFO  :303 - Clicked on (Close pop.)
