2025-06-03 15:13:45 INFO  :326 - Start Clicking on (Login Button)
2025-06-03 15:13:47 INFO  :331 - ( //button[@id='loginbtn'] )
2025-06-03 15:13:47 INFO  :333 - Clicked on (Login Button)
2025-06-03 15:13:47 INFO  :326 - Start Clicking on (UHID Radio Button)
2025-06-03 15:13:47 INFO  :331 - ( //input[@id='radio2'] )
2025-06-03 15:13:47 INFO  :333 - Clicked on (UHID Radio Button)
2025-06-03 15:13:48 INFO  :362 - Start Entering...
2025-06-03 15:13:48 INFO  :364 - //input[@id='txtUhid']: Input Data : (ISIC.100)
2025-06-03 15:13:49 INFO  :370 - End Entering...
2025-06-03 15:13:49 INFO  :362 - Start Entering...
2025-06-03 15:13:49 INFO  :364 - //input[@id='txtPassword']: Input Data : (123)
2025-06-03 15:13:50 INFO  :370 - End Entering...
2025-06-03 15:13:50 INFO  :326 - Start Clicking on (Login Button)
2025-06-03 15:13:55 INFO  :331 - ( //button[@id='btn_login'] )
2025-06-03 15:13:55 INFO  :333 - Clicked on (Login Button)
2025-06-03 15:13:57 INFO  :303 - Clicked on (Login Pre_RegistrationNo.......)
2025-06-03 15:13:57 INFO  :326 - Start Clicking on (Click Radio Button)
2025-06-03 15:13:58 INFO  :331 - ( //input[@id='radio2'] )
2025-06-03 15:13:58 INFO  :333 - Clicked on (Click Radio Button)
2025-06-03 15:14:02 INFO  :303 - Clicked on (Click on login with OTP ......)
2025-06-03 15:14:03 INFO  :303 - Clicked on (98765432)
2025-06-03 15:14:08 INFO  :303 - Clicked on (Click On Send OTP.......)
2025-06-03 15:14:24 INFO  :303 - Clicked on (Click on submit otp....)
