2025-06-02 12:38:46 INFO  :326 - Start Clicking on (Login Button)
2025-06-02 12:38:47 INFO  :331 - ( //button[@id='loginbtn'] )
2025-06-02 12:38:47 INFO  :333 - Clicked on (Login Button)
2025-06-02 12:38:47 INFO  :326 - Start Clicking on (UHID Radio Button)
2025-06-02 12:38:48 INFO  :331 - ( //input[@id='radio2'] )
2025-06-02 12:38:48 INFO  :333 - Clicked on (UHID Radio Button)
2025-06-02 12:38:48 INFO  :362 - Start Entering...
2025-06-02 12:38:48 INFO  :364 - //input[@id='txtUhid']: Input Data : (ISIC.100)
2025-06-02 12:38:49 INFO  :370 - End Entering...
2025-06-02 12:38:49 INFO  :362 - Start Entering...
2025-06-02 12:38:49 INFO  :364 - //input[@id='txtPassword']: Input Data : (123)
2025-06-02 12:38:50 INFO  :370 - End Entering...
2025-06-02 12:38:50 INFO  :326 - Start Clicking on (Login Button)
2025-06-02 12:38:52 INFO  :331 - ( //button[@id='btn_login'] )
2025-06-02 12:38:52 INFO  :333 - Clicked on (Login Button)
2025-06-02 12:38:52 INFO  :303 - Clicked on (Skip Button)
2025-06-02 12:38:55 INFO  :303 - Clicked on (Click On Side Icon Manage Family Member)
2025-06-02 12:38:59 INFO  :303 - Clicked on (Click add New Family Member Buttom)
2025-06-02 12:39:03 INFO  :303 - Clicked on (Click on add profile pop)
2025-06-02 12:39:10 INFO  :362 - Start Entering...
2025-06-02 12:39:10 INFO  :364 - //input[@id='phoneNumberField']: Input Data : (9876543210)
2025-06-02 12:39:10 INFO  :370 - End Entering...
2025-06-02 12:39:11 INFO  :303 - Clicked on (Click on Otp button....)
