2025-06-03 15:35:16 INFO  :326 - Start Clicking on (Login Button)
2025-06-03 15:35:17 INFO  :331 - ( //button[@id='loginbtn'] )
2025-06-03 15:35:17 INFO  :333 - Clicked on (Login Button)
2025-06-03 15:35:17 INFO  :326 - Start Clicking on (UHID Radio Button)
2025-06-03 15:35:17 INFO  :331 - ( //input[@id='radio2'] )
2025-06-03 15:35:17 INFO  :333 - Clicked on (UHID Radio Button)
2025-06-03 15:35:18 INFO  :362 - Start Entering...
2025-06-03 15:35:18 INFO  :364 - //input[@id='txtUhid']: Input Data : (ISIC.100)
2025-06-03 15:35:19 INFO  :370 - End Entering...
2025-06-03 15:35:19 INFO  :362 - Start Entering...
2025-06-03 15:35:19 INFO  :364 - //input[@id='txtPassword']: Input Data : (123)
2025-06-03 15:35:20 INFO  :370 - End Entering...
2025-06-03 15:35:20 INFO  :326 - Start Clicking on (Login Button)
2025-06-03 15:35:23 INFO  :331 - ( //button[@id='btn_login'] )
2025-06-03 15:35:23 INFO  :333 - Clicked on (Login Button)
2025-06-03 15:35:24 INFO  :303 - Clicked on (Login Pre_RegistrationNo.......)
2025-06-03 15:35:25 INFO  :326 - Start Clicking on (Click Radio Button)
2025-06-03 15:35:25 INFO  :331 - ( //input[@id='radio2'] )
2025-06-03 15:35:25 INFO  :333 - Clicked on (Click Radio Button)
2025-06-03 15:35:29 INFO  :303 - Clicked on (Click on login with OTP ......)
2025-06-03 15:35:31 INFO  :303 - Clicked on (Click On Radio Button....)
2025-06-03 15:35:35 INFO  :303 - Clicked on (Click On Send OTP.......)
2025-06-03 15:35:38 INFO  :303 - Clicked on (Click on submit otp....)
