2025-06-01 21:30:32 INFO  :326 - Start Clicking on (Login Button)
2025-06-01 21:30:33 INFO  :331 - ( //button[@id='loginbtn'] )
2025-06-01 21:30:33 INFO  :333 - Clicked on (Login Button)
2025-06-01 21:30:33 INFO  :326 - Start Clicking on (UHID Radio Button)
2025-06-01 21:30:34 INFO  :331 - ( //input[@id='radio2'] )
2025-06-01 21:30:34 INFO  :333 - Clicked on (UHID Radio Button)
2025-06-01 21:30:34 INFO  :362 - Start Entering...
2025-06-01 21:30:34 INFO  :364 - //input[@id='txtUhid']: Input Data : (ISIC.100)
2025-06-01 21:30:35 INFO  :370 - End Entering...
2025-06-01 21:30:35 INFO  :362 - Start Entering...
2025-06-01 21:30:35 INFO  :364 - //input[@id='txtPassword']: Input Data : (123)
2025-06-01 21:30:36 INFO  :370 - End Entering...
2025-06-01 21:30:36 INFO  :326 - Start Clicking on (Login Button)
2025-06-01 21:30:48 INFO  :331 - ( //button[@id='btn_login'] )
2025-06-01 21:30:48 INFO  :333 - Clicked on (Login Button)
2025-06-01 21:30:49 INFO  :303 - Clicked on (Click on skip button.....)
2025-06-01 21:30:50 INFO  :303 - Clicked on (Login and logout go to pre_registration page......)
2025-06-01 21:30:52 INFO  :303 - Clicked on (Login and logout go to pre_registration page......)
2025-06-01 21:30:54 INFO  :303 - Clicked on (Click on pre_registration....)
2025-06-01 21:30:55 INFO  :303 - Clicked on (Verify mobile buttun)
2025-06-01 21:31:06 INFO  :303 - Clicked on (Read And submit moblie otp password)
2025-06-01 21:31:09 INFO  :303 - Clicked on (Vrify emailid button...)
2025-06-01 21:31:14 INFO  :303 - Clicked on (Read and submit emailid otp password)
2025-06-01 21:31:54 INFO  :303 - Clicked on (//button[@id='btnProceed'])
2025-06-01 21:31:56 INFO  :303 - Clicked on (Register Successfully)
