2025-06-01 19:32:08 INFO  :326 - Start Clicking on (Login Button)
2025-06-01 19:32:08 INFO  :331 - ( //button[@id='loginbtn'] )
2025-06-01 19:32:08 INFO  :333 - Clicked on (Login Button)
2025-06-01 19:32:08 INFO  :326 - Start Clicking on (UHID Radio Button)
2025-06-01 19:32:09 INFO  :331 - ( //input[@id='radio2'] )
2025-06-01 19:32:09 INFO  :333 - Clicked on (UHID Radio Button)
2025-06-01 19:32:09 INFO  :362 - Start Entering...
2025-06-01 19:32:09 INFO  :364 - //input[@id='txtUhid']: Input Data : (ISIC.100)
2025-06-01 19:32:10 INFO  :370 - End Entering...
2025-06-01 19:32:10 INFO  :362 - Start Entering...
2025-06-01 19:32:10 INFO  :364 - //input[@id='txtPassword']: Input Data : (123)
2025-06-01 19:32:11 INFO  :370 - End Entering...
2025-06-01 19:32:11 INFO  :326 - Start Clicking on (Login Button)
2025-06-01 19:32:16 INFO  :331 - ( //button[@id='btn_login'] )
2025-06-01 19:32:16 INFO  :333 - Clicked on (Login Button)
2025-06-01 19:32:16 INFO  :303 - Clicked on (Click on skip button.....)
2025-06-01 19:32:18 INFO  :303 - Clicked on (Login and logout go to pre_registration page......)
2025-06-01 19:32:20 INFO  :303 - Clicked on (Login and logout go to pre_registration page......)
2025-06-01 19:32:21 INFO  :303 - Clicked on (Click on pre_registration....)
2025-06-01 19:32:22 INFO  :303 - Clicked on (Verify mobile buttun)
