2025-06-02 14:13:34 INFO  :326 - Start Clicking on (Login Button)
2025-06-02 14:13:34 INFO  :331 - ( //button[@id='loginbtn'] )
2025-06-02 14:13:34 INFO  :333 - Clicked on (Login Button)
2025-06-02 14:13:34 INFO  :326 - Start Clicking on (UHID Radio Button)
2025-06-02 14:13:34 INFO  :331 - ( //input[@id='radio2'] )
2025-06-02 14:13:34 INFO  :333 - Clicked on (UHID Radio Button)
2025-06-02 14:13:35 INFO  :362 - Start Entering...
2025-06-02 14:13:35 INFO  :364 - //input[@id='txtUhid']: Input Data : (ISIC.100)
2025-06-02 14:13:35 INFO  :370 - End Entering...
2025-06-02 14:13:36 INFO  :362 - Start Entering...
2025-06-02 14:13:36 INFO  :364 - //input[@id='txtPassword']: Input Data : (123)
2025-06-02 14:13:36 INFO  :370 - End Entering...
2025-06-02 14:13:36 INFO  :326 - Start Clicking on (Login Button)
2025-06-02 14:13:38 INFO  :331 - ( //button[@id='btn_login'] )
2025-06-02 14:13:38 INFO  :333 - Clicked on (Login Button)
2025-06-02 14:13:39 INFO  :303 - Clicked on (Skip Button)
2025-06-02 14:13:40 INFO  :303 - Clicked on (Click On Side Icon Manage Family Member)
2025-06-02 14:13:44 INFO  :303 - Clicked on (Click add New Family Member Buttom)
2025-06-02 14:13:48 INFO  :303 - Clicked on (Click on add profile pop)
2025-06-02 14:13:56 INFO  :362 - Start Entering...
2025-06-02 14:13:56 INFO  :364 - //input[@id='phoneNumberField']: Input Data : (9876543210)
2025-06-02 14:13:56 INFO  :370 - End Entering...
2025-06-02 14:14:00 INFO  :303 - Clicked on (Click on Otp button....)
2025-06-02 14:14:11 INFO  :303 - Clicked on (Read And submit moblie otp password)
2025-06-02 14:14:14 INFO  :303 - Clicked on (Add on Exiting family member successfully message........)
2025-06-02 14:14:20 INFO  :303 - Clicked on (click edite button)
2025-06-02 14:14:35 INFO  :303 - Clicked on (Select and find relationship in family member.......)
2025-06-02 14:14:44 INFO  :303 - Clicked on (Remove family member.........)
