2025-06-03 13:43:58 INFO  :326 - Start Clicking on (Login Button)
2025-06-03 13:43:59 INFO  :331 - ( //button[@id='loginbtn'] )
2025-06-03 13:43:59 INFO  :333 - Clicked on (Login Button)
2025-06-03 13:43:59 INFO  :326 - Start Clicking on (UHID Radio Button)
2025-06-03 13:44:01 INFO  :331 - ( //input[@id='radio2'] )
2025-06-03 13:44:01 INFO  :333 - Clicked on (UHID Radio Button)
2025-06-03 13:44:01 INFO  :362 - Start Entering...
2025-06-03 13:44:01 INFO  :364 - //input[@id='txtUhid']: Input Data : (ISIC.100)
2025-06-03 13:44:02 INFO  :370 - End Entering...
2025-06-03 13:44:03 INFO  :362 - Start Entering...
2025-06-03 13:44:03 INFO  :364 - //input[@id='txtPassword']: Input Data : (123)
2025-06-03 13:44:04 INFO  :370 - End Entering...
2025-06-03 13:44:04 INFO  :326 - Start Clicking on (Login Button)
2025-06-03 13:44:07 INFO  :331 - ( //button[@id='btn_login'] )
2025-06-03 13:44:07 INFO  :333 - Clicked on (Login Button)
2025-06-03 13:44:10 INFO  :303 - Clicked on (Login Pre_RegistrationNo.......)
2025-06-03 13:44:10 INFO  :326 - Start Clicking on (Click Radio Button)
2025-06-03 13:44:11 INFO  :331 - ( //input[@id='radio2'] )
2025-06-03 13:44:11 INFO  :333 - Clicked on (Click Radio Button)
2025-06-03 13:44:16 INFO  :303 - Clicked on (Click on login with OTP ......)
2025-06-03 13:44:18 INFO  :303 - Clicked on (98765432)
2025-06-03 13:44:24 INFO  :303 - Clicked on (Click On Send OTP.......)
