2025-05-30 14:03:11 INFO  :326 - Start Clicking on (Login Button)
2025-05-30 14:03:11 INFO  :331 - ( //button[@id='loginbtn'] )
2025-05-30 14:03:11 INFO  :333 - Clicked on (Login Button)
2025-05-30 14:03:11 INFO  :326 - Start Clicking on (UHID Radio Button)
2025-05-30 14:03:12 INFO  :331 - ( //input[@id='radio2'] )
2025-05-30 14:03:12 INFO  :333 - Clicked on (UHID Radio Button)
2025-05-30 14:03:12 INFO  :362 - Start Entering...
2025-05-30 14:03:12 INFO  :364 - //input[@id='txtUhid']: Input Data : (ISIC.100)
2025-05-30 14:03:13 INFO  :370 - End Entering...
2025-05-30 14:03:13 INFO  :362 - Start Entering...
2025-05-30 14:03:13 INFO  :364 - //input[@id='txtPassword']: Input Data : (123)
2025-05-30 14:03:14 INFO  :370 - End Entering...
2025-05-30 14:03:14 INFO  :326 - Start Clicking on (Login Button)
2025-05-30 14:03:14 INFO  :331 - ( //button[@id='btn_login'] )
2025-05-30 14:03:14 INFO  :333 - Clicked on (Login Button)
2025-05-30 14:03:16 INFO  :303 - Clicked on (Skip Button)
2025-05-30 14:03:18 INFO  :303 - Clicked on (Click On Side Icon Manage Family Member)
2025-05-30 14:03:22 INFO  :303 - Clicked on (Click add New Family Member Buttom)
2025-05-30 14:03:26 INFO  :303 - Clicked on (Click on add profile pop)
2025-05-30 14:03:30 INFO  :362 - Start Entering...
2025-05-30 14:03:30 INFO  :364 - //input[@id='phoneNumberField']: Input Data : (9876543210)
2025-05-30 14:03:30 INFO  :370 - End Entering...
2025-05-30 14:03:34 INFO  :303 - Clicked on (//td[normalize-space()='ISIC.859098'])
2025-05-30 14:03:42 INFO  :303 - Clicked on (otpSubmit)
