2025-05-30 11:37:24 INFO  :326 - Start Clicking on (Login Button)
2025-05-30 11:37:25 INFO  :331 - ( //button[@id='loginbtn'] )
2025-05-30 11:37:25 INFO  :333 - Clicked on (Login Button)
2025-05-30 11:37:25 INFO  :326 - Start Clicking on (UHID Radio Button)
2025-05-30 11:37:25 INFO  :331 - ( //input[@id='radio2'] )
2025-05-30 11:37:25 INFO  :333 - Clicked on (UHID Radio Button)
2025-05-30 11:37:26 INFO  :362 - Start Entering...
2025-05-30 11:37:26 INFO  :364 - //input[@id='txtUhid']: Input Data : (ISIC.100)
2025-05-30 11:37:27 INFO  :370 - End Entering...
2025-05-30 11:37:27 INFO  :362 - Start Entering...
2025-05-30 11:37:27 INFO  :364 - //input[@id='txtPassword']: Input Data : (123)
2025-05-30 11:37:28 INFO  :370 - End Entering...
2025-05-30 11:37:28 INFO  :326 - Start Clicking on (Login Button)
2025-05-30 11:37:30 INFO  :331 - ( //button[@id='btn_login'] )
2025-05-30 11:37:30 INFO  :333 - Clicked on (Login Button)
2025-05-30 11:37:30 INFO  :303 - Clicked on (Skip Button)
2025-05-30 11:37:45 INFO  :303 - Clicked on (Registration Now Button)
2025-05-30 11:38:07 INFO  :303 - Clicked on (Verify mobile buttun)
2025-05-30 11:38:14 INFO  :303 - Clicked on (Submit moblie otp)
2025-05-30 11:38:22 INFO  :303 - Clicked on (Click on verify emailid button )
2025-05-30 11:38:30 INFO  :303 - Clicked on (Sumit email otp)
2025-05-30 11:38:46 INFO  :303 - Clicked on (//button[@id='btnProceed'])
2025-05-30 11:38:48 INFO  :303 - Clicked on (pre register no)
