2025-05-30 15:08:31 INFO  :326 - Start Clicking on (Login Button)
2025-05-30 15:08:31 INFO  :331 - ( //button[@id='loginbtn'] )
2025-05-30 15:08:31 INFO  :333 - Clicked on (Login Button)
2025-05-30 15:08:31 INFO  :326 - Start Clicking on (UHID Radio Button)
2025-05-30 15:08:32 INFO  :331 - ( //input[@id='radio2'] )
2025-05-30 15:08:32 INFO  :333 - Clicked on (UHID Radio Button)
2025-05-30 15:08:32 INFO  :362 - Start Entering...
2025-05-30 15:08:32 INFO  :364 - //input[@id='txtUhid']: Input Data : (ISIC.100)
2025-05-30 15:08:33 INFO  :370 - End Entering...
2025-05-30 15:08:33 INFO  :362 - Start Entering...
2025-05-30 15:08:33 INFO  :364 - //input[@id='txtPassword']: Input Data : (123)
2025-05-30 15:08:34 INFO  :370 - End Entering...
2025-05-30 15:08:34 INFO  :326 - Start Clicking on (Login Button)
2025-05-30 15:08:34 INFO  :331 - ( //button[@id='btn_login'] )
2025-05-30 15:08:34 INFO  :333 - Clicked on (Login Button)
2025-05-30 15:08:37 INFO  :303 - Clicked on (Skip Button)
2025-05-30 15:08:38 INFO  :303 - Clicked on (Click On Side Icon Manage Family Member)
2025-05-30 15:08:42 INFO  :303 - Clicked on (Click add New Family Member Buttom)
2025-05-30 15:08:46 INFO  :303 - Clicked on (Click on add profile pop)
2025-05-30 15:08:50 INFO  :362 - Start Entering...
2025-05-30 15:08:50 INFO  :364 - //input[@id='phoneNumberField']: Input Data : (9876543210)
2025-05-30 15:08:50 INFO  :370 - End Entering...
2025-05-30 15:08:54 INFO  :303 - Clicked on (Click On OTP Button)
2025-05-30 15:09:04 INFO  :303 - Clicked on (otpSubmit)
2025-05-30 15:09:08 INFO  :303 - Clicked on (Add on Exiting family member successfully message........)
