2025-06-01 18:55:13 INFO  :326 - Start Clicking on (Login Button)
2025-06-01 18:55:13 INFO  :331 - ( //button[@id='loginbtn'] )
2025-06-01 18:55:13 INFO  :333 - Clicked on (Login Button)
2025-06-01 18:55:13 INFO  :326 - Start Clicking on (UHID Radio Button)
2025-06-01 18:55:14 INFO  :331 - ( //input[@id='radio2'] )
2025-06-01 18:55:14 INFO  :333 - Clicked on (UHID Radio Button)
2025-06-01 18:55:14 INFO  :362 - Start Entering...
2025-06-01 18:55:14 INFO  :364 - //input[@id='txtUhid']: Input Data : (ISIC.100)
2025-06-01 18:55:15 INFO  :370 - End Entering...
2025-06-01 18:55:15 INFO  :362 - Start Entering...
2025-06-01 18:55:15 INFO  :364 - //input[@id='txtPassword']: Input Data : (123)
2025-06-01 18:55:16 INFO  :370 - End Entering...
2025-06-01 18:55:16 INFO  :326 - Start Clicking on (Login Button)
2025-06-01 18:55:16 INFO  :331 - ( //button[@id='btn_login'] )
2025-06-01 18:55:16 INFO  :333 - Clicked on (Login Button)
2025-06-01 18:55:39 INFO  :303 - Clicked on (Click on skip button.....)
2025-06-01 18:55:41 INFO  :303 - Clicked on (Login and logout go to pre_registration page......)
2025-06-01 18:55:43 INFO  :303 - Clicked on (Login and logout go to pre_registration page......)
2025-06-01 18:55:44 INFO  :303 - Clicked on (Click on pre_registration....)
2025-06-01 18:55:45 INFO  :303 - Clicked on (Verify mobile buttun)
