2025-06-03 14:56:09 INFO  :326 - Start Clicking on (Login Button)
2025-06-03 14:56:11 INFO  :331 - ( //button[@id='loginbtn'] )
2025-06-03 14:56:11 INFO  :333 - Clicked on (Login Button)
2025-06-03 14:56:11 INFO  :326 - Start Clicking on (UHID Radio Button)
2025-06-03 14:56:13 INFO  :331 - ( //input[@id='radio2'] )
2025-06-03 14:56:13 INFO  :333 - Clicked on (UHID Radio Button)
2025-06-03 14:56:13 INFO  :362 - Start Entering...
2025-06-03 14:56:13 INFO  :364 - //input[@id='txtUhid']: Input Data : (ISIC.100)
2025-06-03 14:56:15 INFO  :370 - End Entering...
2025-06-03 14:56:16 INFO  :362 - Start Entering...
2025-06-03 14:56:16 INFO  :364 - //input[@id='txtPassword']: Input Data : (123)
2025-06-03 14:56:19 INFO  :370 - End Entering...
2025-06-03 14:56:19 INFO  :326 - Start Clicking on (Login Button)
2025-06-03 14:56:25 INFO  :331 - ( //button[@id='btn_login'] )
2025-06-03 14:56:25 INFO  :333 - Clicked on (Login Button)
2025-06-03 14:56:28 INFO  :303 - Clicked on (Login Pre_RegistrationNo.......)
2025-06-03 14:56:28 INFO  :326 - Start Clicking on (Click Radio Button)
2025-06-03 14:56:29 INFO  :331 - ( //input[@id='radio2'] )
2025-06-03 14:56:29 INFO  :333 - Clicked on (Click Radio Button)
2025-06-03 14:56:34 INFO  :303 - Clicked on (Click on login with OTP ......)
2025-06-03 14:56:36 INFO  :303 - Clicked on (98765432)
2025-06-03 14:56:41 INFO  :303 - Clicked on (Click On Send OTP.......)
