2025-05-30 11:30:57 INFO  :326 - Start Clicking on (Login Button)
2025-05-30 11:30:58 INFO  :331 - ( //button[@id='loginbtn'] )
2025-05-30 11:30:58 INFO  :333 - Clicked on (Login Button)
2025-05-30 11:30:58 INFO  :326 - Start Clicking on (UHID Radio Button)
2025-05-30 11:30:58 INFO  :331 - ( //input[@id='radio2'] )
2025-05-30 11:30:58 INFO  :333 - Clicked on (UHID Radio Button)
2025-05-30 11:30:59 INFO  :362 - Start Entering...
2025-05-30 11:30:59 INFO  :364 - //input[@id='txtUhid']: Input Data : (ISIC.100)
2025-05-30 11:30:59 INFO  :370 - End Entering...
2025-05-30 11:31:00 INFO  :362 - Start Entering...
2025-05-30 11:31:00 INFO  :364 - //input[@id='txtPassword']: Input Data : (123)
2025-05-30 11:31:00 INFO  :370 - End Entering...
2025-05-30 11:31:00 INFO  :326 - Start Clicking on (Login Button)
2025-05-30 11:31:02 INFO  :331 - ( //button[@id='btn_login'] )
2025-05-30 11:31:02 INFO  :333 - Clicked on (Login Button)
2025-05-30 11:31:03 INFO  :303 - Clicked on (Skip Button)
2025-05-30 11:31:14 INFO  :303 - Clicked on (Registration Now Button)
2025-05-30 11:31:37 INFO  :303 - Clicked on (Verify mobile buttun)
2025-05-30 11:31:43 INFO  :303 - Clicked on (Submit moblie otp)
2025-05-30 11:31:51 INFO  :303 - Clicked on (Click on verify emailid button )
