2025-05-31 14:06:38 INFO  :326 - Start Clicking on (Login Button)
2025-05-31 14:06:39 INFO  :331 - ( //button[@id='loginbtn'] )
2025-05-31 14:06:39 INFO  :333 - Clicked on (Login Button)
2025-05-31 14:06:39 INFO  :326 - Start Clicking on (UHID Radio Button)
2025-05-31 14:06:39 INFO  :331 - ( //input[@id='radio2'] )
2025-05-31 14:06:39 INFO  :333 - Clicked on (UHID Radio Button)
2025-05-31 14:06:40 INFO  :362 - Start Entering...
2025-05-31 14:06:40 INFO  :364 - //input[@id='txtUhid']: Input Data : (ISIC.100)
2025-05-31 14:06:40 INFO  :370 - End Entering...
2025-05-31 14:06:41 INFO  :362 - Start Entering...
2025-05-31 14:06:41 INFO  :364 - //input[@id='txtPassword']: Input Data : (123)
2025-05-31 14:06:41 INFO  :370 - End Entering...
2025-05-31 14:06:41 INFO  :326 - Start Clicking on (Login Button)
2025-05-31 14:06:45 INFO  :331 - ( //button[@id='btn_login'] )
2025-05-31 14:06:45 INFO  :333 - Clicked on (Login Button)
2025-05-31 14:06:46 INFO  :303 - Clicked on (Close Skip button.)
2025-05-31 14:06:50 INFO  :303 - Clicked on (Click on side icon vital and tracker)
2025-05-31 14:06:51 INFO  :303 - Clicked on (Click on edite button vital and tracker.)
2025-05-31 14:07:28 INFO  :303 - Clicked on (Click and conform you, sure ok button.....)
2025-05-31 14:07:30 INFO  :303 - Clicked on (Click save button.)
2025-05-31 14:07:31 INFO  :303 - Clicked on (Close conform pop.......)
