2025-06-10 11:43:25 INFO  :326 - Start Clicking on (Login Button)
2025-06-10 11:43:26 INFO  :331 - ( //button[@id='loginbtn'] )
2025-06-10 11:43:26 INFO  :333 - Clicked on (Login Button)
2025-06-10 11:43:26 INFO  :326 - Start Clicking on (UHID Radio Button)
2025-06-10 11:43:26 INFO  :331 - ( //input[@id='radio2'] )
2025-06-10 11:43:26 INFO  :333 - Clicked on (UHID Radio Button)
2025-06-10 11:43:27 INFO  :362 - Start Entering...
2025-06-10 11:43:27 INFO  :364 - //input[@id='txtUhid']: Input Data : (ISIC.100)
2025-06-10 11:43:27 INFO  :370 - End Entering...
2025-06-10 11:43:28 INFO  :362 - Start Entering...
2025-06-10 11:43:28 INFO  :364 - //input[@id='txtPassword']: Input Data : (123)
2025-06-10 11:43:28 INFO  :370 - End Entering...
2025-06-10 11:43:28 INFO  :326 - Start Clicking on (Login Button)
2025-06-10 11:43:29 INFO  :331 - ( //button[@id='btn_login'] )
2025-06-10 11:43:29 INFO  :333 - Clicked on (Login Button)
2025-06-10 11:43:30 INFO  :303 - Clicked on (Skip)
2025-06-10 11:43:36 INFO  :303 - Clicked on (Appointment Booking On Side Icon)
2025-06-10 11:43:37 INFO  :303 - Clicked on (create_Appointment)
2025-06-10 11:44:03 INFO  :303 - Clicked on (test)
2025-06-10 11:44:05 INFO  :303 - Clicked on (Date picker Conformation button )
2025-06-10 11:44:09 INFO  :303 - Clicked on (Conformation Ok Button)
2025-06-10 11:44:13 INFO  :303 - Clicked on (Cheek on appointment History)
