2025-06-03 14:44:39 INFO  :326 - Start Clicking on (Login Button)
2025-06-03 14:44:40 INFO  :331 - ( //button[@id='loginbtn'] )
2025-06-03 14:44:40 INFO  :333 - Clicked on (Login Button)
2025-06-03 14:44:40 INFO  :326 - Start Clicking on (UHID Radio Button)
2025-06-03 14:44:41 INFO  :331 - ( //input[@id='radio2'] )
2025-06-03 14:44:41 INFO  :333 - Clicked on (UHID Radio Button)
2025-06-03 14:44:41 INFO  :362 - Start Entering...
2025-06-03 14:44:41 INFO  :364 - //input[@id='txtUhid']: Input Data : (ISIC.100)
2025-06-03 14:44:42 INFO  :370 - End Entering...
2025-06-03 14:44:43 INFO  :362 - Start Entering...
2025-06-03 14:44:43 INFO  :364 - //input[@id='txtPassword']: Input Data : (123)
2025-06-03 14:44:44 INFO  :370 - End Entering...
2025-06-03 14:44:44 INFO  :326 - Start Clicking on (Login Button)
2025-06-03 14:44:44 INFO  :331 - ( //button[@id='btn_login'] )
2025-06-03 14:44:44 INFO  :333 - Clicked on (Login Button)
2025-06-03 14:44:51 INFO  :303 - Clicked on (Login Pre_RegistrationNo.......)
2025-06-03 14:44:51 INFO  :326 - Start Clicking on (Click Radio Button)
2025-06-03 14:44:52 INFO  :331 - ( //input[@id='radio2'] )
2025-06-03 14:44:52 INFO  :333 - Clicked on (Click Radio Button)
2025-06-03 14:44:56 INFO  :303 - Clicked on (Click on login with OTP ......)
2025-06-03 14:44:57 INFO  :303 - Clicked on (98765432)
2025-06-03 14:45:02 INFO  :303 - Clicked on (Click On Send OTP.......)
