2025-06-02 12:56:58 INFO  :326 - Start Clicking on (Login Button)
2025-06-02 12:56:59 INFO  :331 - ( //button[@id='loginbtn'] )
2025-06-02 12:56:59 INFO  :333 - Clicked on (Login Button)
2025-06-02 12:56:59 INFO  :326 - Start Clicking on (UHID Radio Button)
2025-06-02 12:56:59 INFO  :331 - ( //input[@id='radio2'] )
2025-06-02 12:56:59 INFO  :333 - Clicked on (UHID Radio Button)
2025-06-02 12:56:59 INFO  :362 - Start Entering...
2025-06-02 12:56:59 INFO  :364 - //input[@id='txtUhid']: Input Data : (ISIC.100)
2025-06-02 12:57:00 INFO  :370 - End Entering...
2025-06-02 12:57:00 INFO  :362 - Start Entering...
2025-06-02 12:57:00 INFO  :364 - //input[@id='txtPassword']: Input Data : (123)
2025-06-02 12:57:01 INFO  :370 - End Entering...
2025-06-02 12:57:01 INFO  :326 - Start Clicking on (Login Button)
2025-06-02 12:57:03 INFO  :331 - ( //button[@id='btn_login'] )
2025-06-02 12:57:03 INFO  :333 - Clicked on (Login Button)
2025-06-02 12:57:04 INFO  :303 - Clicked on (Skip Button)
2025-06-02 12:57:07 INFO  :303 - Clicked on (Click On Side Icon Manage Family Member)
2025-06-02 12:57:11 INFO  :303 - Clicked on (Click add New Family Member Buttom)
2025-06-02 12:57:15 INFO  :303 - Clicked on (Click on add profile pop)
2025-06-02 12:57:22 INFO  :362 - Start Entering...
2025-06-02 12:57:22 INFO  :364 - //input[@id='phoneNumberField']: Input Data : (9876543210)
2025-06-02 12:57:22 INFO  :370 - End Entering...
2025-06-02 12:57:26 INFO  :303 - Clicked on (Click on Otp button....)
2025-06-02 12:57:36 INFO  :303 - Clicked on (Read And submit moblie otp password)
