2025-05-30 14:41:27 INFO  :326 - Start Clicking on (Login Button)
2025-05-30 14:41:27 INFO  :331 - ( //button[@id='loginbtn'] )
2025-05-30 14:41:27 INFO  :333 - Clicked on (Login Button)
2025-05-30 14:41:27 INFO  :326 - Start Clicking on (UHID Radio Button)
2025-05-30 14:41:28 INFO  :331 - ( //input[@id='radio2'] )
2025-05-30 14:41:28 INFO  :333 - Clicked on (UHID Radio Button)
2025-05-30 14:41:28 INFO  :362 - Start Entering...
2025-05-30 14:41:28 INFO  :364 - //input[@id='txtUhid']: Input Data : (ISIC.100)
2025-05-30 14:41:29 INFO  :370 - End Entering...
2025-05-30 14:41:29 INFO  :362 - Start Entering...
2025-05-30 14:41:29 INFO  :364 - //input[@id='txtPassword']: Input Data : (123)
2025-05-30 14:41:30 INFO  :370 - End Entering...
2025-05-30 14:41:30 INFO  :326 - Start Clicking on (Login Button)
2025-05-30 14:41:31 INFO  :331 - ( //button[@id='btn_login'] )
2025-05-30 14:41:31 INFO  :333 - Clicked on (Login Button)
2025-05-30 14:41:31 INFO  :303 - Clicked on (Skip Button)
2025-05-30 14:41:34 INFO  :303 - Clicked on (Click On Side Icon Manage Family Member)
2025-05-30 14:41:38 INFO  :303 - Clicked on (Click add New Family Member Buttom)
2025-05-30 14:41:42 INFO  :303 - Clicked on (Click on add profile pop)
2025-05-30 14:41:46 INFO  :362 - Start Entering...
2025-05-30 14:41:46 INFO  :364 - //input[@id='phoneNumberField']: Input Data : (9876543210)
2025-05-30 14:41:46 INFO  :370 - End Entering...
2025-05-30 14:41:50 INFO  :303 - Clicked on (Click On OTP Button)
2025-05-30 14:42:00 INFO  :303 - Clicked on (otpSubmit)
2025-05-30 14:42:05 INFO  :303 - Clicked on (message successfully)
