2025-06-10 17:33:45 INFO  :326 - Start Clicking on (Login Button)
2025-06-10 17:33:46 INFO  :331 - ( //button[@id='loginbtn'] )
2025-06-10 17:33:46 INFO  :333 - Clicked on (Login Button)
2025-06-10 17:33:46 INFO  :326 - Start Clicking on (UHID Radio Button)
2025-06-10 17:33:47 INFO  :331 - ( //input[@id='radio2'] )
2025-06-10 17:33:47 INFO  :333 - Clicked on (UHID Radio Button)
2025-06-10 17:33:47 INFO  :362 - Start Entering...
2025-06-10 17:33:47 INFO  :364 - //input[@id='txtUhid']: Input Data : (ISIC.100)
2025-06-10 17:33:48 INFO  :370 - End Entering...
2025-06-10 17:33:49 INFO  :362 - Start Entering...
2025-06-10 17:33:49 INFO  :364 - //input[@id='txtPassword']: Input Data : (123)
2025-06-10 17:33:50 INFO  :370 - End Entering...
2025-06-10 17:33:50 INFO  :326 - Start Clicking on (Login Button)
2025-06-10 17:33:53 INFO  :331 - ( //button[@id='btn_login'] )
2025-06-10 17:33:53 INFO  :333 - Clicked on (Login Button)
2025-06-10 17:33:54 INFO  :303 - Clicked on (Skip Button)
2025-06-10 17:33:58 INFO  :303 - Clicked on (Click On Side Icon Manage Family Member)
2025-06-10 17:34:02 INFO  :303 - Clicked on (Click add New Family Member Buttom)
2025-06-10 17:34:06 INFO  :303 - Clicked on (Click on add profile pop)
2025-06-10 17:34:10 INFO  :362 - Start Entering...
2025-06-10 17:34:10 INFO  :364 - //input[@id='phoneNumberField']: Input Data : (9)
2025-06-10 17:34:11 INFO  :370 - End Entering...
2025-06-10 17:34:14 INFO  :303 - Clicked on (Click on Otp button....)
