2025-06-10 17:01:10 INFO  :326 - Start Clicking on (Login Button)
2025-06-10 17:01:10 INFO  :331 - ( //button[@id='loginbtn'] )
2025-06-10 17:01:10 INFO  :333 - Clicked on (Login Button)
2025-06-10 17:01:10 INFO  :326 - Start Clicking on (UHID Radio Button)
2025-06-10 17:01:11 INFO  :331 - ( //input[@id='radio2'] )
2025-06-10 17:01:11 INFO  :333 - Clicked on (UHID Radio Button)
2025-06-10 17:01:11 INFO  :362 - Start Entering...
2025-06-10 17:01:11 INFO  :364 - //input[@id='txtUhid']: Input Data : (ISIC.100)
2025-06-10 17:01:12 INFO  :370 - End Entering...
2025-06-10 17:01:13 INFO  :362 - Start Entering...
2025-06-10 17:01:13 INFO  :364 - //input[@id='txtPassword']: Input Data : (123)
2025-06-10 17:01:13 INFO  :370 - End Entering...
2025-06-10 17:01:13 INFO  :326 - Start Clicking on (Login Button)
2025-06-10 17:01:16 INFO  :331 - ( //button[@id='btn_login'] )
2025-06-10 17:01:16 INFO  :333 - Clicked on (Login Button)
2025-06-10 17:01:17 INFO  :303 - Clicked on (Skip)
2025-06-10 17:01:18 INFO  :303 - Clicked on (Profile Click.....)
2025-06-10 17:01:20 INFO  :303 - Clicked on (Profile Click.....)
2025-06-10 17:01:21 INFO  :303 - Clicked on (Login Button.....)
2025-06-10 17:01:23 INFO  :303 - Clicked on (click radio....)
2025-06-10 17:01:28 INFO  :303 - Clicked on (click)
