2025-06-10 15:12:24 INFO  :326 - Start Clicking on (Login Button)
2025-06-10 15:12:24 INFO  :331 - ( //button[@id='loginbtn'] )
2025-06-10 15:12:24 INFO  :333 - Clicked on (Login Button)
2025-06-10 15:12:24 INFO  :326 - Start Clicking on (UHID Radio Button)
2025-06-10 15:12:25 INFO  :331 - ( //input[@id='radio2'] )
2025-06-10 15:12:25 INFO  :333 - Clicked on (UHID Radio Button)
2025-06-10 15:12:26 INFO  :362 - Start Entering...
2025-06-10 15:12:26 INFO  :364 - //input[@id='txtUhid']: Input Data : (ISIC.100)
2025-06-10 15:12:26 INFO  :370 - End Entering...
2025-06-10 15:12:27 INFO  :362 - Start Entering...
2025-06-10 15:12:27 INFO  :364 - //input[@id='txtPassword']: Input Data : (123)
2025-06-10 15:12:27 INFO  :370 - End Entering...
2025-06-10 15:12:27 INFO  :326 - Start Clicking on (Login Button)
2025-06-10 15:12:29 INFO  :331 - ( //button[@id='btn_login'] )
2025-06-10 15:12:29 INFO  :333 - Clicked on (Login Button)
2025-06-10 15:12:30 INFO  :303 - Clicked on (Click on skip button.....)
2025-06-10 15:12:32 INFO  :303 - Clicked on (Login and logout go to pre_registration page......)
2025-06-10 15:12:34 INFO  :303 - Clicked on (Login and logout go to pre_registration page......)
2025-06-10 15:12:35 INFO  :303 - Clicked on (Click on pre_registration....)
2025-06-10 15:13:18 INFO  :303 - Clicked on (//button[@id='btnProceed'])
