2025-06-10 17:24:58 INFO  :326 - Start Clicking on (Login Button)
2025-06-10 17:24:59 INFO  :331 - ( //button[@id='loginbtn'] )
2025-06-10 17:24:59 INFO  :333 - Clicked on (Login Button)
2025-06-10 17:24:59 INFO  :326 - Start Clicking on (UHID Radio Button)
2025-06-10 17:24:59 INFO  :331 - ( //input[@id='radio2'] )
2025-06-10 17:24:59 INFO  :333 - Clicked on (UHID Radio Button)
2025-06-10 17:25:00 INFO  :362 - Start Entering...
2025-06-10 17:25:00 INFO  :364 - //input[@id='txtUhid']: Input Data : (ISIC.100)
2025-06-10 17:25:01 INFO  :370 - End Entering...
2025-06-10 17:25:01 INFO  :362 - Start Entering...
2025-06-10 17:25:01 INFO  :364 - //input[@id='txtPassword']: Input Data : (123)
2025-06-10 17:25:02 INFO  :370 - End Entering...
2025-06-10 17:25:02 INFO  :326 - Start Clicking on (Login Button)
2025-06-10 17:25:05 INFO  :331 - ( //button[@id='btn_login'] )
2025-06-10 17:25:05 INFO  :333 - Clicked on (Login Button)
2025-06-10 17:25:06 INFO  :303 - Clicked on (Skip)
2025-06-10 17:25:08 INFO  :303 - Clicked on (Profile Click.....)
2025-06-10 17:25:33 INFO  :303 - Clicked on (Profile Click.....)
2025-06-10 17:25:34 INFO  :303 - Clicked on (Login Button.....)
2025-06-10 17:25:36 INFO  :303 - Clicked on (click radio....)
2025-06-10 17:25:43 INFO  :303 - Clicked on (click)
