2025-06-03 14:50:04 INFO  :326 - Start Clicking on (Login Button)
2025-06-03 14:50:05 INFO  :331 - ( //button[@id='loginbtn'] )
2025-06-03 14:50:05 INFO  :333 - Clicked on (Login Button)
2025-06-03 14:50:05 INFO  :326 - Start Clicking on (UHID Radio Button)
2025-06-03 14:50:06 INFO  :331 - ( //input[@id='radio2'] )
2025-06-03 14:50:06 INFO  :333 - Clicked on (UHID Radio Button)
2025-06-03 14:50:07 INFO  :362 - Start Entering...
2025-06-03 14:50:07 INFO  :364 - //input[@id='txtUhid']: Input Data : (ISIC.100)
2025-06-03 14:50:08 INFO  :370 - End Entering...
2025-06-03 14:50:08 INFO  :362 - Start Entering...
2025-06-03 14:50:08 INFO  :364 - //input[@id='txtPassword']: Input Data : (123)
2025-06-03 14:50:09 INFO  :370 - End Entering...
2025-06-03 14:50:09 INFO  :326 - Start Clicking on (Login Button)
2025-06-03 14:50:11 INFO  :331 - ( //button[@id='btn_login'] )
2025-06-03 14:50:12 INFO  :333 - Clicked on (Login Button)
2025-06-03 14:50:14 INFO  :303 - Clicked on (Login Pre_RegistrationNo.......)
2025-06-03 14:50:14 INFO  :326 - Start Clicking on (Click Radio Button)
2025-06-03 14:50:16 INFO  :331 - ( //input[@id='radio2'] )
2025-06-03 14:50:16 INFO  :333 - Clicked on (Click Radio Button)
2025-06-03 14:50:20 INFO  :303 - Clicked on (Click on login with OTP ......)
2025-06-03 14:50:21 INFO  :303 - Clicked on (98765432)
2025-06-03 14:50:25 INFO  :303 - Clicked on (Click On Send OTP.......)
