2025-06-03 14:54:22 INFO  :326 - Start Clicking on (Login Button)
2025-06-03 14:54:24 INFO  :331 - ( //button[@id='loginbtn'] )
2025-06-03 14:54:24 INFO  :333 - Clicked on (Login Button)
2025-06-03 14:54:24 INFO  :326 - Start Clicking on (UHID Radio Button)
2025-06-03 14:54:25 INFO  :331 - ( //input[@id='radio2'] )
2025-06-03 14:54:25 INFO  :333 - Clicked on (UHID Radio Button)
2025-06-03 14:54:26 INFO  :362 - Start Entering...
2025-06-03 14:54:26 INFO  :364 - //input[@id='txtUhid']: Input Data : (ISIC.100)
2025-06-03 14:54:27 INFO  :370 - End Entering...
2025-06-03 14:54:27 INFO  :362 - Start Entering...
2025-06-03 14:54:27 INFO  :364 - //input[@id='txtPassword']: Input Data : (123)
2025-06-03 14:54:29 INFO  :370 - End Entering...
2025-06-03 14:54:29 INFO  :326 - Start Clicking on (Login Button)
2025-06-03 14:54:34 INFO  :331 - ( //button[@id='btn_login'] )
2025-06-03 14:54:34 INFO  :333 - Clicked on (Login Button)
2025-06-03 14:54:37 INFO  :303 - Clicked on (Login Pre_RegistrationNo.......)
2025-06-03 14:54:38 INFO  :326 - Start Clicking on (Click Radio Button)
2025-06-03 14:54:38 INFO  :331 - ( //input[@id='radio2'] )
2025-06-03 14:54:38 INFO  :333 - Clicked on (Click Radio Button)
2025-06-03 14:54:43 INFO  :303 - Clicked on (Click on login with OTP ......)
2025-06-03 14:54:44 INFO  :303 - Clicked on (98765432)
2025-06-03 14:54:49 INFO  :303 - Clicked on (Click On Send OTP.......)
