2025-06-01 21:24:16 INFO  :326 - Start Clicking on (Login Button)
2025-06-01 21:24:19 INFO  :331 - ( //button[@id='loginbtn'] )
2025-06-01 21:24:19 INFO  :333 - Clicked on (Login Button)
2025-06-01 21:24:19 INFO  :326 - Start Clicking on (UHID Radio Button)
2025-06-01 21:24:20 INFO  :331 - ( //input[@id='radio2'] )
2025-06-01 21:24:20 INFO  :333 - Clicked on (UHID Radio Button)
2025-06-01 21:24:21 INFO  :362 - Start Entering...
2025-06-01 21:24:21 INFO  :364 - //input[@id='txtUhid']: Input Data : (ISIC.100)
2025-06-01 21:24:21 INFO  :370 - End Entering...
2025-06-01 21:24:22 INFO  :362 - Start Entering...
2025-06-01 21:24:22 INFO  :364 - //input[@id='txtPassword']: Input Data : (123)
2025-06-01 21:24:23 INFO  :370 - End Entering...
2025-06-01 21:24:23 INFO  :326 - Start Clicking on (Login Button)
2025-06-01 21:24:26 INFO  :331 - ( //button[@id='btn_login'] )
2025-06-01 21:24:26 INFO  :333 - Clicked on (Login Button)
2025-06-01 21:24:27 INFO  :303 - Clicked on (Click on skip button.....)
2025-06-01 21:24:29 INFO  :303 - Clicked on (Login and logout go to pre_registration page......)
2025-06-01 21:24:31 INFO  :303 - Clicked on (Login and logout go to pre_registration page......)
2025-06-01 21:24:32 INFO  :303 - Clicked on (Click on pre_registration....)
2025-06-01 21:24:34 INFO  :303 - Clicked on (Verify mobile buttun)
2025-06-01 21:24:44 INFO  :303 - Clicked on (Read And submit moblie otp password)
2025-06-01 21:24:48 INFO  :303 - Clicked on (Vrify emailid button...)
2025-06-01 21:24:53 INFO  :303 - Clicked on (Read and submit emailid otp password)
